#
# A fatal error has been detected by the Java Runtime Environment:
#
#  SIGSEGV (0xb) at pc=0x00007f77277ea425, pid=8571, tid=8613
#
# JRE version: Java(TM) SE Runtime Environment (11.0.1+13) (build 11.0.1+13-LTS)
# Java VM: Java HotSpot(TM) 64-Bit Server VM (11.0.1+13-LTS, mixed mode, tiered, compressed oops, g1 gc, linux-amd64)
# Problematic frame:
# v  ~BufferBlob::jni_fast_GetLongField
#
# Core dump will be written. Default location: Core dumps may be processed with "/usr/share/apport/apport %p %s %c %d %P" (or dumping to /home/enoch/IdeaProjects/Homework6/core.8571)
#
# If you would like to submit a bug report, please visit:
#   http://bugreport.java.com/bugreport/crash.jsp
# The crash happened outside the Java Virtual Machine in native code.
# See problematic frame for where to report the bug.
#

---------------  S U M M A R Y ------------

Command Line: -javaagent:/home/enoch/下载/ideaIC-2018.2.5/idea-IC-182.4892.20/lib/idea_rt.jar=34133:/home/enoch/下载/ideaIC-2018.2.5/idea-IC-182.4892.20/bin -Dfile.encoding=UTF-8 Calculator

Host: Intel(R) Core(TM) i5-6200U CPU @ 2.30GHz, 4 cores, 7G, Ubuntu 18.04.1 LTS
Time: Tue Dec 11 22:34:15 2018 CST elapsed time: 265 seconds (0d 0h 4m 25s)

---------------  T H R E A D  ---------------

Current thread (0x00007f77404a0800):  JavaThread "AWT-XAWT" daemon [_thread_in_native, id=8613, stack(0x00007f76dc0cc000,0x00007f76dc1cd000)]

Stack: [0x00007f76dc0cc000,0x00007f76dc1cd000],  sp=0x00007f76dc1cb7a8,  free space=1021k
Native frames: (J=compiled Java code, A=aot compiled Java code, j=interpreted, Vv=VM code, C=native code)
v  ~BufferBlob::jni_fast_GetLongField

Java frames: (J=compiled Java code, j=interpreted, Vv=VM code)
J 1664  sun.awt.X11.XlibWrapper.XFilterEvent(JJ)Z java.desktop@11.0.1 (0 bytes) @ 0x00007f772f2e6a84 [0x00007f772f2e6a40+0x0000000000000044]
j  sun.awt.X11.XToolkit.run(Z)V+287 java.desktop@11.0.1
j  sun.awt.X11.XToolkit.run()V+5 java.desktop@11.0.1
j  java.lang.Thread.run()V+11 java.base@11.0.1
v  ~StubRoutines::call_stub

siginfo: si_signo: 11 (SIGSEGV), si_code: 1 (SEGV_MAPERR), si_addr: 0x0000000000000000

Register to memory mapping:

RAX=0x00007f77458e03c0: <offset 0x00000000014593c0> in /usr/lib/jvm/jdk-11.0.1/lib/server/libjvm.so at 0x00007f7744487000
RBX=0x00007f77404a0b40 points into unknown readable memory
RCX=0x0000000000000001 is an unknown value
RDX=0x0000000000000042 is an unknown value
RSP=0x00007f76dc1cb7a8 is pointing into the stack for thread: 0x00007f77404a0800
RBP=0x00007f76dc1cb7d0 is pointing into the stack for thread: 0x00007f77404a0800
RSI=0x0 is NULL
RDI=0x00007f77404a0b40 points into unknown readable memory
R8 =0x00007f770d1d69b0: <offset 0x000000000005c9b0> in /usr/lib/x86_64-linux-gnu/libX11.so.6 at 0x00007f770d17a000
R9 =0x0 is NULL
R10=0x000000000000009a is an unknown value
R11=0x0000000000000010 is an unknown value
R12=0x0 is NULL
R13=0x0 is NULL
R14=0x00007f76dc1cb850 is pointing into the stack for thread: 0x00007f77404a0800
R15=0x00007f77404a0800 is a thread


Registers:
RAX=0x00007f77458e03c0, RBX=0x00007f77404a0b40, RCX=0x0000000000000001, RDX=0x0000000000000042
RSP=0x00007f76dc1cb7a8, RBP=0x00007f76dc1cb7d0, RSI=0x0000000000000000, RDI=0x00007f77404a0b40
R8 =0x00007f770d1d69b0, R9 =0x0000000000000000, R10=0x000000000000009a, R11=0x0000000000000010
R12=0x0000000000000000, R13=0x0000000000000000, R14=0x00007f76dc1cb850, R15=0x00007f77404a0800
RIP=0x00007f77277ea425, EFLAGS=0x0000000000010246, CSGSFS=0x002b000000000033, ERR=0x0000000000000004
  TRAPNO=0x000000000000000e

Top of Stack: (sp=0x00007f76dc1cb7a8)
0x00007f76dc1cb7a8:   00007f770d6fa173 00007f76dc1cb8e0
0x00007f76dc1cb7b8:   00007f770fed2b98 0000000000000000
0x00007f76dc1cb7c8:   00007f76dc1cb878 00007f76b403c380
0x00007f76dc1cb7d8:   00007f770d1deb1d 00007f770fed2b98 

Instructions: (pc=0x00007f77277ea425)
0x00007f77277ea405:   15 1e 4c 8b ce 41 f6 c2 01 0f 85 32 00 00 00 4d
0x00007f77277ea415:   33 ca 4d 33 ca 4c 8b da 49 c1 eb 02 49 83 e1 fe
0x00007f77277ea425:   4d 8b 09 4b 8b 04 19 49 bb ec 1a 94 45 77 7f 00
0x00007f77277ea435:   00 4c 33 d8 4c 33 d8 45 3b 13 0f 85 01 00 00 00 



---------------  P R O C E S S  ---------------

Threads class SMR info:
_java_thread_list=0x00007f76b406a7e0, length=15, elements={
0x00007f77401b6000, 0x00007f77401ba000, 0x00007f77401cc800, 0x00007f77401cf000,
0x00007f77401d1000, 0x00007f77401d3000, 0x00007f774024e000, 0x00007f7740389000,
0x00007f7740389800, 0x00007f7740477800, 0x00007f77404a0800, 0x00007f774062e000,
0x00007f774069a000, 0x00007f7740012800, 0x00007f76b4069800
}

Java Threads: ( => current thread )
  0x00007f77401b6000 JavaThread "Reference Handler" daemon [_thread_blocked, id=8587, stack(0x00007f770f4fb000,0x00007f770f5fc000)]
  0x00007f77401ba000 JavaThread "Finalizer" daemon [_thread_blocked, id=8590, stack(0x00007f770f3fa000,0x00007f770f4fb000)]
  0x00007f77401cc800 JavaThread "Signal Dispatcher" daemon [_thread_in_vm, id=8594, stack(0x00007f770e92a000,0x00007f770ea2b000)]
  0x00007f77401cf000 JavaThread "C2 CompilerThread0" daemon [_thread_blocked, id=8595, stack(0x00007f770e829000,0x00007f770e92a000)]
  0x00007f77401d1000 JavaThread "C1 CompilerThread0" daemon [_thread_blocked, id=8598, stack(0x00007f770e728000,0x00007f770e829000)]
  0x00007f77401d3000 JavaThread "Sweeper thread" daemon [_thread_blocked, id=8600, stack(0x00007f770e627000,0x00007f770e728000)]
  0x00007f774024e000 JavaThread "Common-Cleaner" daemon [_thread_blocked, id=8604, stack(0x00007f770e526000,0x00007f770e627000)]
  0x00007f7740389000 JavaThread "Monitor Ctrl-Break" daemon [_thread_in_native, id=8606, stack(0x00007f770dffd000,0x00007f770e0fe000)]
  0x00007f7740389800 JavaThread "Service Thread" daemon [_thread_blocked, id=8607, stack(0x00007f770defc000,0x00007f770dffd000)]
  0x00007f7740477800 JavaThread "Java2D Disposer" daemon [_thread_blocked, id=8610, stack(0x00007f770c012000,0x00007f770c113000)]
=>0x00007f77404a0800 JavaThread "AWT-XAWT" daemon [_thread_in_native, id=8613, stack(0x00007f76dc0cc000,0x00007f76dc1cd000)]
  0x00007f774062e000 JavaThread "AWT-Shutdown" [_thread_blocked, id=8621, stack(0x00007f76cb113000,0x00007f76cb214000)]
  0x00007f774069a000 JavaThread "AWT-EventQueue-0" [_thread_blocked, id=8623, stack(0x00007f76cb012000,0x00007f76cb113000)]
  0x00007f7740012800 JavaThread "DestroyJavaVM" [_thread_blocked, id=8575, stack(0x00007f77466b1000,0x00007f77467b2000)]
  0x00007f76b4069800 JavaThread "TimerQueue" daemon [_thread_blocked, id=8638, stack(0x00007f76cb6ef000,0x00007f76cb7f0000)]

Other Threads:
  0x00007f77401ae000 VMThread "VM Thread" [stack: 0x00007f770f5fe000,0x00007f770f6fe000] [id=8586]
  0x00007f774038c000 WatcherThread [stack: 0x00007f770ddfc000,0x00007f770defc000] [id=8608]
  0x00007f774003a800 GCTaskThread "GC Thread#0" [stack: 0x00007f77274b9000,0x00007f77275b9000] [id=8577]
  0x00007f7700001000 GCTaskThread "GC Thread#1" [stack: 0x00007f76cb5ef000,0x00007f76cb6ef000] [id=8618]
  0x00007f7700003800 GCTaskThread "GC Thread#2" [stack: 0x00007f76caf0b000,0x00007f76cb00b000] [id=9053]
  0x00007f7700005000 GCTaskThread "GC Thread#3" [stack: 0x00007f76cae09000,0x00007f76caf09000] [id=9054]
  0x00007f774006b800 ConcurrentGCThread "G1 Main Marker" [stack: 0x00007f7724576000,0x00007f7724676000] [id=8578]
  0x00007f774006d000 ConcurrentGCThread "G1 Conc#0" [stack: 0x00007f7724474000,0x00007f7724574000] [id=8579]
  0x00007f77400e5800 ConcurrentGCThread "G1 Refine#0" [stack: 0x00007f771c048000,0x00007f771c148000] [id=8582]
  0x00007f77400e7000 ConcurrentGCThread "G1 Young RemSet Sampling" [stack: 0x00007f770ff00000,0x00007f7710000000] [id=8583]

Threads with active compile tasks:

VM state:not at safepoint (normal execution)

VM Mutex/Monitor currently owned by a thread:  ([mutex/lock_event])
[0x00007f774000ec70] Threads_lock - owner thread: 0x00007f77401cc800

Heap address: 0x0000000085200000, size: 1966 MB, Compressed Oops mode: 32-bit
Narrow klass base: 0x0000000000000000, Narrow klass shift: 3
Compressed class space size: 1073741824 Address: 0x0000000100000000

Heap:
 garbage-first heap   total 126976K, used 10059K [0x0000000085200000, 0x0000000100000000)
  region size 1024K, 4 young (4096K), 2 survivors (2048K)
 Metaspace       used 17716K, capacity 18305K, committed 18560K, reserved 1064960K
  class space    used 1840K, capacity 2110K, committed 2176K, reserved 1048576K
Heap Regions: E=young(eden), S=young(survivor), O=old, HS=humongous(starts), HC=humongous(continues), CS=collection set, F=free, A=archive, TAMS=top-at-mark-start (previous, next)
|   0|0x0000000085200000, 0x0000000085300000, 0x0000000085300000|100%| O|  |TAMS 0x0000000085200000, 0x0000000085200000| Untracked 
|   1|0x0000000085300000, 0x0000000085400000, 0x0000000085400000|100%|HS|  |TAMS 0x0000000085300000, 0x0000000085300000| Complete 
|   2|0x0000000085400000, 0x0000000085500000, 0x0000000085500000|100%|HS|  |TAMS 0x0000000085400000, 0x0000000085400000| Complete 
|   3|0x0000000085500000, 0x0000000085600000, 0x0000000085600000|100%|HS|  |TAMS 0x0000000085500000, 0x0000000085500000| Complete 
|   4|0x0000000085600000, 0x0000000085700000, 0x0000000085700000|100%| O|  |TAMS 0x0000000085600000, 0x0000000085600000| Untracked 
|   5|0x0000000085700000, 0x0000000085800000, 0x0000000085800000|100%| O|  |TAMS 0x0000000085700000, 0x0000000085700000| Untracked 
|   6|0x0000000085800000, 0x0000000085900000, 0x0000000085900000|100%| O|  |TAMS 0x0000000085800000, 0x0000000085800000| Untracked 
|   7|0x0000000085900000, 0x00000000859d2e00, 0x0000000085a00000| 82%| O|  |TAMS 0x0000000085900000, 0x0000000085900000| Untracked 
|   8|0x0000000085a00000, 0x0000000085a00000, 0x0000000085b00000|  0%| F|  |TAMS 0x0000000085a00000, 0x0000000085a00000| Untracked 
|   9|0x0000000085b00000, 0x0000000085b00000, 0x0000000085c00000|  0%| F|  |TAMS 0x0000000085b00000, 0x0000000085b00000| Untracked 
|  10|0x0000000085c00000, 0x0000000085c00000, 0x0000000085d00000|  0%| F|  |TAMS 0x0000000085c00000, 0x0000000085c00000| Untracked 
|  11|0x0000000085d00000, 0x0000000085d00000, 0x0000000085e00000|  0%| F|  |TAMS 0x0000000085d00000, 0x0000000085d00000| Untracked 
|  12|0x0000000085e00000, 0x0000000085e00000, 0x0000000085f00000|  0%| F|  |TAMS 0x0000000085e00000, 0x0000000085e00000| Untracked 
|  13|0x0000000085f00000, 0x0000000085f00000, 0x0000000086000000|  0%| F|  |TAMS 0x0000000085f00000, 0x0000000085f00000| Untracked 
|  14|0x0000000086000000, 0x0000000086000000, 0x0000000086100000|  0%| F|  |TAMS 0x0000000086000000, 0x0000000086000000| Untracked 
|  15|0x0000000086100000, 0x0000000086100000, 0x0000000086200000|  0%| F|  |TAMS 0x0000000086100000, 0x0000000086100000| Untracked 
|  16|0x0000000086200000, 0x0000000086200000, 0x0000000086300000|  0%| F|  |TAMS 0x0000000086200000, 0x0000000086200000| Untracked 
|  17|0x0000000086300000, 0x0000000086300000, 0x0000000086400000|  0%| F|  |TAMS 0x0000000086300000, 0x0000000086300000| Untracked 
|  18|0x0000000086400000, 0x0000000086400000, 0x0000000086500000|  0%| F|  |TAMS 0x0000000086400000, 0x0000000086400000| Untracked 
|  19|0x0000000086500000, 0x0000000086500000, 0x0000000086600000|  0%| F|  |TAMS 0x0000000086500000, 0x0000000086500000| Untracked 
|  20|0x0000000086600000, 0x0000000086600000, 0x0000000086700000|  0%| F|  |TAMS 0x0000000086600000, 0x0000000086600000| Untracked 
|  21|0x0000000086700000, 0x0000000086700000, 0x0000000086800000|  0%| F|  |TAMS 0x0000000086700000, 0x0000000086700000| Untracked 
|  22|0x0000000086800000, 0x0000000086800000, 0x0000000086900000|  0%| F|  |TAMS 0x0000000086800000, 0x0000000086800000| Untracked 
|  23|0x0000000086900000, 0x0000000086900000, 0x0000000086a00000|  0%| F|  |TAMS 0x0000000086900000, 0x0000000086900000| Untracked 
|  24|0x0000000086a00000, 0x0000000086a00000, 0x0000000086b00000|  0%| F|  |TAMS 0x0000000086a00000, 0x0000000086a00000| Untracked 
|  25|0x0000000086b00000, 0x0000000086b00000, 0x0000000086c00000|  0%| F|  |TAMS 0x0000000086b00000, 0x0000000086b00000| Untracked 
|  26|0x0000000086c00000, 0x0000000086c00000, 0x0000000086d00000|  0%| F|  |TAMS 0x0000000086c00000, 0x0000000086c00000| Untracked 
|  27|0x0000000086d00000, 0x0000000086d00000, 0x0000000086e00000|  0%| F|  |TAMS 0x0000000086d00000, 0x0000000086d00000| Untracked 
|  28|0x0000000086e00000, 0x0000000086e00000, 0x0000000086f00000|  0%| F|  |TAMS 0x0000000086e00000, 0x0000000086e00000| Untracked 
|  29|0x0000000086f00000, 0x0000000086f00000, 0x0000000087000000|  0%| F|  |TAMS 0x0000000086f00000, 0x0000000086f00000| Untracked 
|  30|0x0000000087000000, 0x0000000087000000, 0x0000000087100000|  0%| F|  |TAMS 0x0000000087000000, 0x0000000087000000| Untracked 
|  31|0x0000000087100000, 0x0000000087100000, 0x0000000087200000|  0%| F|  |TAMS 0x0000000087100000, 0x0000000087100000| Untracked 
|  32|0x0000000087200000, 0x0000000087200000, 0x0000000087300000|  0%| F|  |TAMS 0x0000000087200000, 0x0000000087200000| Untracked 
|  33|0x0000000087300000, 0x0000000087300000, 0x0000000087400000|  0%| F|  |TAMS 0x0000000087300000, 0x0000000087300000| Untracked 
|  34|0x0000000087400000, 0x0000000087400000, 0x0000000087500000|  0%| F|  |TAMS 0x0000000087400000, 0x0000000087400000| Untracked 
|  35|0x0000000087500000, 0x0000000087500000, 0x0000000087600000|  0%| F|  |TAMS 0x0000000087500000, 0x0000000087500000| Untracked 
|  36|0x0000000087600000, 0x0000000087600000, 0x0000000087700000|  0%| F|  |TAMS 0x0000000087600000, 0x0000000087600000| Untracked 
|  37|0x0000000087700000, 0x0000000087700000, 0x0000000087800000|  0%| F|  |TAMS 0x0000000087700000, 0x0000000087700000| Untracked 
|  38|0x0000000087800000, 0x0000000087800000, 0x0000000087900000|  0%| F|  |TAMS 0x0000000087800000, 0x0000000087800000| Untracked 
|  39|0x0000000087900000, 0x0000000087900000, 0x0000000087a00000|  0%| F|  |TAMS 0x0000000087900000, 0x0000000087900000| Untracked 
|  40|0x0000000087a00000, 0x0000000087a00000, 0x0000000087b00000|  0%| F|  |TAMS 0x0000000087a00000, 0x0000000087a00000| Untracked 
|  41|0x0000000087b00000, 0x0000000087b00000, 0x0000000087c00000|  0%| F|  |TAMS 0x0000000087b00000, 0x0000000087b00000| Untracked 
|  42|0x0000000087c00000, 0x0000000087c00000, 0x0000000087d00000|  0%| F|  |TAMS 0x0000000087c00000, 0x0000000087c00000| Untracked 
|  43|0x0000000087d00000, 0x0000000087d00000, 0x0000000087e00000|  0%| F|  |TAMS 0x0000000087d00000, 0x0000000087d00000| Untracked 
|  44|0x0000000087e00000, 0x0000000087e00000, 0x0000000087f00000|  0%| F|  |TAMS 0x0000000087e00000, 0x0000000087e00000| Untracked 
|  45|0x0000000087f00000, 0x0000000087f00000, 0x0000000088000000|  0%| F|  |TAMS 0x0000000087f00000, 0x0000000087f00000| Untracked 
|  46|0x0000000088000000, 0x0000000088000000, 0x0000000088100000|  0%| F|  |TAMS 0x0000000088000000, 0x0000000088000000| Untracked 
|  47|0x0000000088100000, 0x0000000088100000, 0x0000000088200000|  0%| F|  |TAMS 0x0000000088100000, 0x0000000088100000| Untracked 
|  48|0x0000000088200000, 0x0000000088200000, 0x0000000088300000|  0%| F|  |TAMS 0x0000000088200000, 0x0000000088200000| Untracked 
|  49|0x0000000088300000, 0x0000000088300000, 0x0000000088400000|  0%| F|  |TAMS 0x0000000088300000, 0x0000000088300000| Untracked 
|  50|0x0000000088400000, 0x0000000088400000, 0x0000000088500000|  0%| F|  |TAMS 0x0000000088400000, 0x0000000088400000| Untracked 
|  51|0x0000000088500000, 0x0000000088500000, 0x0000000088600000|  0%| F|  |TAMS 0x0000000088500000, 0x0000000088500000| Untracked 
|  52|0x0000000088600000, 0x0000000088600000, 0x0000000088700000|  0%| F|  |TAMS 0x0000000088600000, 0x0000000088600000| Untracked 
|  53|0x0000000088700000, 0x0000000088700000, 0x0000000088800000|  0%| F|  |TAMS 0x0000000088700000, 0x0000000088700000| Untracked 
|  54|0x0000000088800000, 0x0000000088800000, 0x0000000088900000|  0%| F|  |TAMS 0x0000000088800000, 0x0000000088800000| Untracked 
|  55|0x0000000088900000, 0x0000000088900000, 0x0000000088a00000|  0%| F|  |TAMS 0x0000000088900000, 0x0000000088900000| Untracked 
|  56|0x0000000088a00000, 0x0000000088a00000, 0x0000000088b00000|  0%| F|  |TAMS 0x0000000088a00000, 0x0000000088a00000| Untracked 
|  57|0x0000000088b00000, 0x0000000088b00000, 0x0000000088c00000|  0%| F|  |TAMS 0x0000000088b00000, 0x0000000088b00000| Untracked 
|  58|0x0000000088c00000, 0x0000000088c00000, 0x0000000088d00000|  0%| F|  |TAMS 0x0000000088c00000, 0x0000000088c00000| Untracked 
|  59|0x0000000088d00000, 0x0000000088d00000, 0x0000000088e00000|  0%| F|  |TAMS 0x0000000088d00000, 0x0000000088d00000| Untracked 
|  60|0x0000000088e00000, 0x0000000088e00000, 0x0000000088f00000|  0%| F|  |TAMS 0x0000000088e00000, 0x0000000088e00000| Untracked 
|  61|0x0000000088f00000, 0x0000000088f00000, 0x0000000089000000|  0%| F|  |TAMS 0x0000000088f00000, 0x0000000088f00000| Untracked 
|  62|0x0000000089000000, 0x0000000089000000, 0x0000000089100000|  0%| F|  |TAMS 0x0000000089000000, 0x0000000089000000| Untracked 
|  63|0x0000000089100000, 0x0000000089100000, 0x0000000089200000|  0%| F|  |TAMS 0x0000000089100000, 0x0000000089100000| Untracked 
|  64|0x0000000089200000, 0x0000000089200000, 0x0000000089300000|  0%| F|  |TAMS 0x0000000089200000, 0x0000000089200000| Untracked 
|  65|0x0000000089300000, 0x0000000089300000, 0x0000000089400000|  0%| F|  |TAMS 0x0000000089300000, 0x0000000089300000| Untracked 
|  66|0x0000000089400000, 0x0000000089400000, 0x0000000089500000|  0%| F|  |TAMS 0x0000000089400000, 0x0000000089400000| Untracked 
|  67|0x0000000089500000, 0x0000000089500000, 0x0000000089600000|  0%| F|  |TAMS 0x0000000089500000, 0x0000000089500000| Untracked 
|  68|0x0000000089600000, 0x0000000089600000, 0x0000000089700000|  0%| F|  |TAMS 0x0000000089600000, 0x0000000089600000| Untracked 
|  69|0x0000000089700000, 0x0000000089700000, 0x0000000089800000|  0%| F|  |TAMS 0x0000000089700000, 0x0000000089700000| Untracked 
|  70|0x0000000089800000, 0x0000000089800000, 0x0000000089900000|  0%| F|  |TAMS 0x0000000089800000, 0x0000000089800000| Untracked 
|  71|0x0000000089900000, 0x0000000089900000, 0x0000000089a00000|  0%| F|  |TAMS 0x0000000089900000, 0x0000000089900000| Untracked 
|  72|0x0000000089a00000, 0x0000000089a00000, 0x0000000089b00000|  0%| F|  |TAMS 0x0000000089a00000, 0x0000000089a00000| Untracked 
|  73|0x0000000089b00000, 0x0000000089b00000, 0x0000000089c00000|  0%| F|  |TAMS 0x0000000089b00000, 0x0000000089b00000| Untracked 
|  74|0x0000000089c00000, 0x0000000089c00000, 0x0000000089d00000|  0%| F|  |TAMS 0x0000000089c00000, 0x0000000089c00000| Untracked 
|  75|0x0000000089d00000, 0x0000000089d00000, 0x0000000089e00000|  0%| F|  |TAMS 0x0000000089d00000, 0x0000000089d00000| Untracked 
|  76|0x0000000089e00000, 0x0000000089e00000, 0x0000000089f00000|  0%| F|  |TAMS 0x0000000089e00000, 0x0000000089e00000| Untracked 
|  77|0x0000000089f00000, 0x0000000089f00000, 0x000000008a000000|  0%| F|  |TAMS 0x0000000089f00000, 0x0000000089f00000| Untracked 
|  78|0x000000008a000000, 0x000000008a000000, 0x000000008a100000|  0%| F|  |TAMS 0x000000008a000000, 0x000000008a000000| Untracked 
|  79|0x000000008a100000, 0x000000008a100000, 0x000000008a200000|  0%| F|  |TAMS 0x000000008a100000, 0x000000008a100000| Untracked 
|  80|0x000000008a200000, 0x000000008a200000, 0x000000008a300000|  0%| F|  |TAMS 0x000000008a200000, 0x000000008a200000| Untracked 
|  81|0x000000008a300000, 0x000000008a300000, 0x000000008a400000|  0%| F|  |TAMS 0x000000008a300000, 0x000000008a300000| Untracked 
|  82|0x000000008a400000, 0x000000008a400000, 0x000000008a500000|  0%| F|  |TAMS 0x000000008a400000, 0x000000008a400000| Untracked 
|  83|0x000000008a500000, 0x000000008a500000, 0x000000008a600000|  0%| F|  |TAMS 0x000000008a500000, 0x000000008a500000| Untracked 
|  84|0x000000008a600000, 0x000000008a600000, 0x000000008a700000|  0%| F|  |TAMS 0x000000008a600000, 0x000000008a600000| Untracked 
|  85|0x000000008a700000, 0x000000008a700000, 0x000000008a800000|  0%| F|  |TAMS 0x000000008a700000, 0x000000008a700000| Untracked 
|  86|0x000000008a800000, 0x000000008a800000, 0x000000008a900000|  0%| F|  |TAMS 0x000000008a800000, 0x000000008a800000| Untracked 
|  87|0x000000008a900000, 0x000000008a900000, 0x000000008aa00000|  0%| F|  |TAMS 0x000000008a900000, 0x000000008a900000| Untracked 
|  88|0x000000008aa00000, 0x000000008aa00000, 0x000000008ab00000|  0%| F|  |TAMS 0x000000008aa00000, 0x000000008aa00000| Untracked 
|  89|0x000000008ab00000, 0x000000008ab00000, 0x000000008ac00000|  0%| F|  |TAMS 0x000000008ab00000, 0x000000008ab00000| Untracked 
|  90|0x000000008ac00000, 0x000000008ac00000, 0x000000008ad00000|  0%| F|  |TAMS 0x000000008ac00000, 0x000000008ac00000| Untracked 
|  91|0x000000008ad00000, 0x000000008ad00000, 0x000000008ae00000|  0%| F|  |TAMS 0x000000008ad00000, 0x000000008ad00000| Untracked 
|  92|0x000000008ae00000, 0x000000008ae00000, 0x000000008af00000|  0%| F|  |TAMS 0x000000008ae00000, 0x000000008ae00000| Untracked 
|  93|0x000000008af00000, 0x000000008af00000, 0x000000008b000000|  0%| F|  |TAMS 0x000000008af00000, 0x000000008af00000| Untracked 
|  94|0x000000008b000000, 0x000000008b000000, 0x000000008b100000|  0%| F|  |TAMS 0x000000008b000000, 0x000000008b000000| Untracked 
|  95|0x000000008b100000, 0x000000008b100000, 0x000000008b200000|  0%| F|  |TAMS 0x000000008b100000, 0x000000008b100000| Untracked 
|  96|0x000000008b200000, 0x000000008b200000, 0x000000008b300000|  0%| F|  |TAMS 0x000000008b200000, 0x000000008b200000| Untracked 
|  97|0x000000008b300000, 0x000000008b300000, 0x000000008b400000|  0%| F|  |TAMS 0x000000008b300000, 0x000000008b300000| Untracked 
|  98|0x000000008b400000, 0x000000008b400000, 0x000000008b500000|  0%| F|  |TAMS 0x000000008b400000, 0x000000008b400000| Untracked 
|  99|0x000000008b500000, 0x000000008b500000, 0x000000008b600000|  0%| F|  |TAMS 0x000000008b500000, 0x000000008b500000| Untracked 
| 100|0x000000008b600000, 0x000000008b600000, 0x000000008b700000|  0%| F|  |TAMS 0x000000008b600000, 0x000000008b600000| Untracked 
| 101|0x000000008b700000, 0x000000008b700000, 0x000000008b800000|  0%| F|  |TAMS 0x000000008b700000, 0x000000008b700000| Untracked 
| 102|0x000000008b800000, 0x000000008b800000, 0x000000008b900000|  0%| F|  |TAMS 0x000000008b800000, 0x000000008b800000| Untracked 
| 103|0x000000008b900000, 0x000000008b900000, 0x000000008ba00000|  0%| F|  |TAMS 0x000000008b900000, 0x000000008b900000| Untracked 
| 104|0x000000008ba00000, 0x000000008ba00000, 0x000000008bb00000|  0%| F|  |TAMS 0x000000008ba00000, 0x000000008ba00000| Untracked 
| 105|0x000000008bb00000, 0x000000008bb00000, 0x000000008bc00000|  0%| F|  |TAMS 0x000000008bb00000, 0x000000008bb00000| Untracked 
| 106|0x000000008bc00000, 0x000000008bc00000, 0x000000008bd00000|  0%| F|  |TAMS 0x000000008bc00000, 0x000000008bc00000| Untracked 
| 107|0x000000008bd00000, 0x000000008bd00000, 0x000000008be00000|  0%| F|  |TAMS 0x000000008bd00000, 0x000000008bd00000| Untracked 
| 108|0x000000008be00000, 0x000000008be00000, 0x000000008bf00000|  0%| F|  |TAMS 0x000000008be00000, 0x000000008be00000| Untracked 
| 109|0x000000008bf00000, 0x000000008bf00000, 0x000000008c000000|  0%| F|  |TAMS 0x000000008bf00000, 0x000000008bf00000| Untracked 
| 110|0x000000008c000000, 0x000000008c100000, 0x000000008c100000|100%| S|CS|TAMS 0x000000008c000000, 0x000000008c000000| Complete 
| 111|0x000000008c100000, 0x000000008c200000, 0x000000008c200000|100%| S|CS|TAMS 0x000000008c100000, 0x000000008c100000| Complete 
| 112|0x000000008c200000, 0x000000008c200000, 0x000000008c300000|  0%| F|  |TAMS 0x000000008c200000, 0x000000008c200000| Untracked 
| 113|0x000000008c300000, 0x000000008c300000, 0x000000008c400000|  0%| F|  |TAMS 0x000000008c300000, 0x000000008c300000| Untracked 
| 114|0x000000008c400000, 0x000000008c400000, 0x000000008c500000|  0%| F|  |TAMS 0x000000008c400000, 0x000000008c400000| Untracked 
| 115|0x000000008c500000, 0x000000008c500000, 0x000000008c600000|  0%| F|  |TAMS 0x000000008c500000, 0x000000008c500000| Untracked 
| 116|0x000000008c600000, 0x000000008c600000, 0x000000008c700000|  0%| F|  |TAMS 0x000000008c600000, 0x000000008c600000| Untracked 
| 117|0x000000008c700000, 0x000000008c700000, 0x000000008c800000|  0%| F|  |TAMS 0x000000008c700000, 0x000000008c700000| Untracked 
| 118|0x000000008c800000, 0x000000008c800000, 0x000000008c900000|  0%| F|  |TAMS 0x000000008c800000, 0x000000008c800000| Untracked 
| 119|0x000000008c900000, 0x000000008c900000, 0x000000008ca00000|  0%| F|  |TAMS 0x000000008c900000, 0x000000008c900000| Untracked 
| 120|0x000000008ca00000, 0x000000008ca00000, 0x000000008cb00000|  0%| F|  |TAMS 0x000000008ca00000, 0x000000008ca00000| Untracked 
| 121|0x000000008cb00000, 0x000000008cb00000, 0x000000008cc00000|  0%| F|  |TAMS 0x000000008cb00000, 0x000000008cb00000| Untracked 
| 122|0x000000008cc00000, 0x000000008ccaa060, 0x000000008cd00000| 66%| E|  |TAMS 0x000000008cc00000, 0x000000008cc00000| Complete 
| 123|0x000000008cd00000, 0x000000008ce00000, 0x000000008ce00000|100%| E|  |TAMS 0x000000008cd00000, 0x000000008cd00000| Complete 

Card table byte_map: [0x00007f7726905000,0x00007f7726cdc000] _byte_map_base: 0x00007f77264dc000

Marking Bits (Prev, Next): (CMBitMap*) 0x00007f7740062d68, (CMBitMap*) 0x00007f7740062da0
 Prev Bits: [0x00007f7724676000, 0x00007f772652e000)
 Next Bits: [0x00007f771e148000, 0x00007f7720000000)

Polling page: 0x00007f77467d0000

Metaspace:

Usage:
  Non-class:     15.82 MB capacity,    15.50 MB ( 98%) used,   257.45 KB (  2%) free+waste,    61.38 KB ( <1%) overhead. 
      Class:      2.06 MB capacity,     1.80 MB ( 87%) used,   237.80 KB ( 11%) free+waste,    32.06 KB (  2%) overhead. 
       Both:     17.88 MB capacity,    17.30 MB ( 97%) used,   495.24 KB (  3%) free+waste,    93.44 KB ( <1%) overhead. 

Virtual space:
  Non-class space:       16.00 MB reserved,      16.00 MB (100%) committed 
      Class space:        1.00 GB reserved,       2.12 MB ( <1%) committed 
             Both:        1.02 GB reserved,      18.12 MB (  2%) committed 

Chunk freelists:
   Non-Class:  5.62 KB
       Class:  256 bytes
        Both:  5.88 KB

CodeHeap 'non-profiled nmethods': size=120032Kb used=576Kb max_used=576Kb free=119455Kb
 bounds [0x00007f772f257000, 0x00007f772f4c7000, 0x00007f773678f000]
CodeHeap 'profiled nmethods': size=120032Kb used=2623Kb max_used=2623Kb free=117408Kb
 bounds [0x00007f7727d1f000, 0x00007f7727faf000, 0x00007f772f257000]
CodeHeap 'non-nmethods': size=5696Kb used=1254Kb max_used=1266Kb free=4441Kb
 bounds [0x00007f772778f000, 0x00007f77279ff000, 0x00007f7727d1f000]
 total_blobs=2612 nmethods=1663 adapters=590
 compilation: enabled
              stopped_count=0, restarted_count=0
 full_count=0

Compilation events (10 events):
Event: 231.385 Thread 0x00007f77401d1000 1662       3       sun.awt.X11.XDropTargetEventProcessor::processEvent (18 bytes)
Event: 231.386 Thread 0x00007f77401d1000 nmethod 1662 0x00007f7727fa9690 code [0x00007f7727fa9860, 0x00007f7727fa9a48]
Event: 231.386 Thread 0x00007f77401d1000 1665   !   3       sun.awt.X11.XToolkit::dispatchEvent (191 bytes)
Event: 231.388 Thread 0x00007f77401d1000 nmethod 1665 0x00007f7727fa9b10 code [0x00007f7727faa020, 0x00007f7727fac938]
Event: 231.389 Thread 0x00007f77401d1000 1663   !   3       sun.awt.X11.XDragSourceContextPeer::processEvent (34 bytes)
Event: 231.390 Thread 0x00007f77401d1000 nmethod 1663 0x00007f7727fad890 code [0x00007f7727fadb20, 0x00007f7727fae648]
Event: 238.288 Thread 0x00007f77401cf000 1666       4       java.util.concurrent.locks.AbstractQueuedSynchronizer::release (33 bytes)
Event: 238.291 Thread 0x00007f77401cf000 nmethod 1666 0x00007f772f2e6c90 code [0x00007f772f2e6e60, 0x00007f772f2e7128]
Event: 250.776 Thread 0x00007f77401d1000 1667       3       java.util.Vector$Itr::hasNext (20 bytes)
Event: 250.777 Thread 0x00007f77401d1000 nmethod 1667 0x00007f7727faea90 code [0x00007f7727faec40, 0x00007f7727faee10]

GC Heap History (4 events):
Event: 1.194 GC heap before
{Heap before GC invocations=0 (full 0):
 garbage-first heap   total 126976K, used 14336K [0x0000000085200000, 0x0000000100000000)
  region size 1024K, 14 young (14336K), 0 survivors (0K)
 Metaspace       used 14441K, capacity 15006K, committed 15232K, reserved 1062912K
  class space    used 1538K, capacity 1801K, committed 1920K, reserved 1048576K
}
Event: 1.212 GC heap after
{Heap after GC invocations=1 (full 0):
 garbage-first heap   total 126976K, used 2820K [0x0000000085200000, 0x0000000100000000)
  region size 1024K, 2 young (2048K), 2 survivors (2048K)
 Metaspace       used 14441K, capacity 15006K, committed 15232K, reserved 1062912K
  class space    used 1538K, capacity 1801K, committed 1920K, reserved 1048576K
}
Event: 230.710 GC heap before
{Heap before GC invocations=1 (full 0):
 garbage-first heap   total 126976K, used 17156K [0x0000000085200000, 0x0000000100000000)
  region size 1024K, 14 young (14336K), 2 survivors (2048K)
 Metaspace       used 17694K, capacity 18305K, committed 18560K, reserved 1064960K
  class space    used 1839K, capacity 2110K, committed 2176K, reserved 1048576K
}
Event: 230.733 GC heap after
{Heap after GC invocations=2 (full 0):
 garbage-first heap   total 126976K, used 10059K [0x0000000085200000, 0x0000000100000000)
  region size 1024K, 2 young (2048K), 2 survivors (2048K)
 Metaspace       used 17694K, capacity 18305K, committed 18560K, reserved 1064960K
  class space    used 1839K, capacity 2110K, committed 2176K, reserved 1048576K
}

Deoptimization events (10 events):
Event: 1.328 Thread 0x00007f7740012800 Uncommon trap: reason=class_check action=maybe_recompile pc=0x00007f772f2a5458 method=java.util.HashMap.putVal(ILjava/lang/Object;Ljava/lang/Object;ZZ)Ljava/lang/Object; @ 253 c2
Event: 1.329 Thread 0x00007f7740012800 Uncommon trap: reason=class_check action=maybe_recompile pc=0x00007f772f2a5458 method=java.util.HashMap.putVal(ILjava/lang/Object;Ljava/lang/Object;ZZ)Ljava/lang/Object; @ 253 c2
Event: 1.329 Thread 0x00007f7740012800 Uncommon trap: reason=class_check action=maybe_recompile pc=0x00007f772f2a5458 method=java.util.HashMap.putVal(ILjava/lang/Object;Ljava/lang/Object;ZZ)Ljava/lang/Object; @ 253 c2
Event: 1.387 Thread 0x00007f7740012800 Uncommon trap: reason=bimorphic_or_optimized_type_check action=maybe_recompile pc=0x00007f772f2971e8 method=java.util.concurrent.ConcurrentHashMap.get(Ljava/lang/Object;)Ljava/lang/Object; @ 149 c2
Event: 1.387 Thread 0x00007f7740012800 Uncommon trap: reason=bimorphic_or_optimized_type_check action=maybe_recompile pc=0x00007f772f2971e8 method=java.util.concurrent.ConcurrentHashMap.get(Ljava/lang/Object;)Ljava/lang/Object; @ 149 c2
Event: 1.387 Thread 0x00007f7740012800 Uncommon trap: reason=bimorphic_or_optimized_type_check action=maybe_recompile pc=0x00007f772f2971e8 method=java.util.concurrent.ConcurrentHashMap.get(Ljava/lang/Object;)Ljava/lang/Object; @ 149 c2
Event: 1.403 Thread 0x00007f7740012800 Uncommon trap: reason=bimorphic_or_optimized_type_check action=maybe_recompile pc=0x00007f772f2971e8 method=java.util.concurrent.ConcurrentHashMap.get(Ljava/lang/Object;)Ljava/lang/Object; @ 149 c2
Event: 1.450 Thread 0x00007f774069a000 Uncommon trap: reason=unstable_if action=reinterpret pc=0x00007f772f2afe24 method=java.lang.ThreadLocal.get()Ljava/lang/Object; @ 11 c2
Event: 1.460 Thread 0x00007f774069a000 Uncommon trap: reason=unstable_fused_if action=reinterpret pc=0x00007f772f291cd0 method=jdk.internal.org.objectweb.asm.Frame.execute(IILjdk/internal/org/objectweb/asm/ClassWriter;Ljdk/internal/org/objectweb/asm/Item;)V @ 1 c2
Event: 202.490 Thread 0x00007f774069a000 Uncommon trap: reason=intrinsic_or_type_checked_inlining action=make_not_entrant pc=0x00007f772f2d5774 method=java.util.Arrays.copyOf([Ljava/lang/Object;ILjava/lang/Class;)[Ljava/lang/Object; @ 35 c2

Classes redefined (0 events):
No events

Internal exceptions (10 events):
Event: 0.955 Thread 0x00007f7740012800 Exception <a 'java/lang/NoSuchMethodError'{0x000000008c4a6290}: java.lang.invoke.DelegatingMethodHandle$Holder.reinvoke_L(Ljava/lang/Object;IILjava/lang/Object;Ljava/lang/Object;Ljava/lang/Object;Ljava/lang/Object;)Ljava/lang/Object;> (0x000000008c4a6290)
Event: 0.988 Thread 0x00007f7740012800 Exception <a 'java/lang/NoSuchMethodError'{0x000000008c3c1000}: java.lang.invoke.DirectMethodHandle$Holder.invokeStatic(Ljava/lang/Object;Ljava/lang/Object;Ljava/lang/Object;Ljava/lang/Object;Ljava/lang/Object;Ljava/lang/Object;Ljava/lang/Object;Ljava/lan
Event: 0.989 Thread 0x00007f7740012800 Exception <a 'java/lang/NoSuchMethodError'{0x000000008c3cd570}: java.lang.invoke.DirectMethodHandle$Holder.invokeStatic(Ljava/lang/Object;Ljava/lang/Object;Ljava/lang/Object;Ljava/lang/Object;Ljava/lang/Object;Ljava/lang/Object;Ljava/lang/Object;Ljava/lan
Event: 0.991 Thread 0x00007f7740012800 Exception <a 'java/lang/NoSuchMethodError'{0x000000008c3da120}: java.lang.invoke.DirectMethodHandle$Holder.invokeStatic(Ljava/lang/Object;Ljava/lang/Object;Ljava/lang/Object;Ljava/lang/Object;Ljava/lang/Object;Ljava/lang/Object;Ljava/lang/Object;Ljava/lan
Event: 1.004 Thread 0x00007f7740012800 Exception <a 'java/lang/NoSuchMethodError'{0x000000008c23a630}: java.lang.invoke.DirectMethodHandle$Holder.invokeStatic(Ljava/lang/Object;Ljava/lang/Object;Ljava/lang/Object;Ljava/lang/Object;Ljava/lang/Object;Ljava/lang/Object;Ljava/lang/Object;Ljava/lan
Event: 1.007 Thread 0x00007f7740012800 Exception <a 'java/lang/NoSuchMethodError'{0x000000008c2585f8}: java.lang.invoke.DirectMethodHandle$Holder.invokeStatic(Ljava/lang/Object;Ljava/lang/Object;Ljava/lang/Object;Ljava/lang/Object;Ljava/lang/Object;Ljava/lang/Object;Ljava/lang/Object;Ljava/lan
Event: 1.009 Thread 0x00007f7740012800 Exception <a 'java/lang/NoSuchMethodError'{0x000000008c276dd0}: java.lang.invoke.DirectMethodHandle$Holder.invokeStatic(Ljava/lang/Object;Ljava/lang/Object;Ljava/lang/Object;Ljava/lang/Object;Ljava/lang/Object;Ljava/lang/Object;Ljava/lang/Object;Ljava/lan
Event: 1.011 Thread 0x00007f7740012800 Exception <a 'java/lang/NoSuchMethodError'{0x000000008c296e58}: java.lang.invoke.DirectMethodHandle$Holder.invokeStatic(Ljava/lang/Object;Ljava/lang/Object;Ljava/lang/Object;Ljava/lang/Object;Ljava/lang/Object;Ljava/lang/Object;Ljava/lang/Object;Ljava/lan
Event: 1.327 Thread 0x00007f7740012800 Exception <a 'java/lang/NoSuchMethodError'{0x000000008c739238}: java.lang.invoke.DirectMethodHandle$Holder.invokeStaticInit(Ljava/lang/Object;)V> (0x000000008c739238) thrown at [/scratch/opt/mach5/mesos/work_dir/slaves/83bb4d84-382c-4ead-b585-d8ef0018fefe
Event: 1.450 Thread 0x00007f774069a000 Implicit null exception at 0x00007f772f2afcfc to 0x00007f772f2afe0e

Events (10 events):
Event: 203.807 loading class sun/awt/X11/XAWTXSettings$1
Event: 203.807 loading class sun/awt/X11/XAWTXSettings$1 done
Event: 205.062 loading class sun/awt/X11/XkbEvent
Event: 205.064 loading class sun/awt/X11/XkbEvent done
Event: 205.064 loading class sun/awt/X11/XkbAnyEvent
Event: 205.065 loading class sun/awt/X11/XkbAnyEvent done
Event: 230.710 Executing VM operation: G1CollectForAllocation
Event: 230.733 Executing VM operation: G1CollectForAllocation done
Event: 265.012 loading class jdk/internal/misc/Signal$1
Event: 265.012 loading class jdk/internal/misc/Signal$1 done


Dynamic libraries:
00400000-00401000 r-xp 00000000 08:06 450172                             /usr/lib/jvm/jdk-11.0.1/bin/java
00600000-00601000 r--p 00000000 08:06 450172                             /usr/lib/jvm/jdk-11.0.1/bin/java
00601000-00602000 rw-p 00001000 08:06 450172                             /usr/lib/jvm/jdk-11.0.1/bin/java
00e7a000-00e9b000 rw-p 00000000 00:00 0                                  [heap]
85200000-8ce00000 rw-p 00000000 00:00 0 
8ce00000-100000000 ---p 00000000 00:00 0 
100000000-100220000 rw-p 00000000 00:00 0 
100220000-140000000 ---p 00000000 00:00 0 
7f76a8000000-7f76a8021000 rw-p 00000000 00:00 0 
7f76a8021000-7f76ac000000 ---p 00000000 00:00 0 
7f76ac000000-7f76ac021000 rw-p 00000000 00:00 0 
7f76ac021000-7f76b0000000 ---p 00000000 00:00 0 
7f76b0000000-7f76b0021000 rw-p 00000000 00:00 0 
7f76b0021000-7f76b4000000 ---p 00000000 00:00 0 
7f76b4000000-7f76b406d000 rw-p 00000000 00:00 0 
7f76b406d000-7f76b8000000 ---p 00000000 00:00 0 
7f76b8000000-7f76b8126000 rw-p 00000000 00:00 0 
7f76b8126000-7f76bc000000 ---p 00000000 00:00 0 
7f76bc000000-7f76bc021000 rw-p 00000000 00:00 0 
7f76bc021000-7f76c0000000 ---p 00000000 00:00 0 
7f76c0000000-7f76c0021000 rw-p 00000000 00:00 0 
7f76c0021000-7f76c4000000 ---p 00000000 00:00 0 
7f76c4000000-7f76c4021000 rw-p 00000000 00:00 0 
7f76c4021000-7f76c8000000 ---p 00000000 00:00 0 
7f76cad06000-7f76cae07000 rw-p 00000000 00:00 0 
7f76cae07000-7f76cae08000 ---p 00000000 00:00 0 
7f76cae08000-7f76caf09000 rw-p 00000000 00:00 0 
7f76caf09000-7f76caf0a000 ---p 00000000 00:00 0 
7f76caf0a000-7f76cb00b000 rw-p 00000000 00:00 0 
7f76cb00b000-7f76cb012000 rw-s 00000000 00:05 31719442                   /SYSV00000000 (deleted)
7f76cb012000-7f76cb016000 ---p 00000000 00:00 0 
7f76cb016000-7f76cb113000 rw-p 00000000 00:00 0 
7f76cb113000-7f76cb117000 ---p 00000000 00:00 0 
7f76cb117000-7f76cb414000 rw-p 00000000 00:00 0 
7f76cb425000-7f76cb42e000 r--s 00000000 08:06 1054300                    /usr/share/fonts/type1/gsfonts/s050000l.pfb
7f76cb447000-7f76cb45a000 r--s 00000000 08:06 1054216                    /usr/share/fonts/type1/gsfonts/b018015l.pfb
7f76cb45a000-7f76cb470000 r--s 00000000 08:06 1054285                    /usr/share/fonts/type1/gsfonts/n022024l.pfb
7f76cb470000-7f76cb481000 r--s 00000000 08:06 1054249                    /usr/share/fonts/type1/gsfonts/n019024l.pfb
7f76cb481000-7f76cb49c000 r--s 00000000 08:06 1054291                    /usr/share/fonts/type1/gsfonts/p052004l.pfb
7f76cb49c000-7f76cb4b8000 r--s 00000000 08:06 1054297                    /usr/share/fonts/type1/gsfonts/p052024l.pfb
7f76cb4b8000-7f76cb4d2000 r--s 00000000 08:06 1054225                    /usr/share/fonts/type1/gsfonts/c059013l.pfb
7f76cb4d2000-7f76cb4e9000 r--s 00000000 08:06 1054303                    /usr/share/fonts/type1/gsfonts/z003034l.pfb
7f76cb4e9000-7f76cb501000 r--s 00000000 08:06 1054276                    /usr/share/fonts/type1/gsfonts/n022003l.pfb
7f76cb501000-7f76cb51a000 r--s 00000000 08:06 1054279                    /usr/share/fonts/type1/gsfonts/n022004l.pfb
7f76cb53e000-7f76cb557000 r--s 00000000 08:06 1054264                    /usr/share/fonts/type1/gsfonts/n021003l.pfb
7f76cb557000-7f76cb56f000 r--s 00000000 08:06 1054234                    /usr/share/fonts/type1/gsfonts/c059036l.pfb
7f76cb56f000-7f76cb57f000 r--s 00000000 08:06 1054207                    /usr/share/fonts/type1/gsfonts/a010033l.pfb
7f76cb57f000-7f76cb593000 r--s 00000000 08:06 1054240                    /usr/share/fonts/type1/gsfonts/n019003l.pfb
7f76cb593000-7f76cb5ae000 r--s 00000000 08:06 1054228                    /usr/share/fonts/type1/gsfonts/c059016l.pfb
7f76cb5bf000-7f76cb5da000 r--s 00000000 08:06 1054294                    /usr/share/fonts/type1/gsfonts/p052023l.pfb
7f76cb5da000-7f76cb5ed000 r--s 00000000 08:06 1054261                    /usr/share/fonts/type1/gsfonts/n019064l.pfb
7f76cb5ed000-7f76cb5ee000 ---p 00000000 00:00 0 
7f76cb5ee000-7f76cb6ef000 rw-p 00000000 00:00 0 
7f76cb6ef000-7f76cb6f3000 ---p 00000000 00:00 0 
7f76cb6f3000-7f76cb9f0000 rw-p 00000000 00:00 0 
7f76cb9f0000-7f76cbbf0000 rw-p 00000000 00:00 0 
7f76cbbf0000-7f76cbbf5000 r-xp 00000000 08:06 404455                     /usr/lib/x86_64-linux-gnu/libXfixes.so.3.1.0
7f76cbbf5000-7f76cbdf4000 ---p 00005000 08:06 404455                     /usr/lib/x86_64-linux-gnu/libXfixes.so.3.1.0
7f76cbdf4000-7f76cbdf5000 r--p 00004000 08:06 404455                     /usr/lib/x86_64-linux-gnu/libXfixes.so.3.1.0
7f76cbdf5000-7f76cbdf6000 rw-p 00005000 08:06 404455                     /usr/lib/x86_64-linux-gnu/libXfixes.so.3.1.0
7f76cbdf6000-7f76cbdff000 r-xp 00000000 08:06 404447                     /usr/lib/x86_64-linux-gnu/libXcursor.so.1.0.2
7f76cbdff000-7f76cbffe000 ---p 00009000 08:06 404447                     /usr/lib/x86_64-linux-gnu/libXcursor.so.1.0.2
7f76cbffe000-7f76cbfff000 r--p 00008000 08:06 404447                     /usr/lib/x86_64-linux-gnu/libXcursor.so.1.0.2
7f76cbfff000-7f76cc000000 rw-p 00009000 08:06 404447                     /usr/lib/x86_64-linux-gnu/libXcursor.so.1.0.2
7f76cc000000-7f76cc021000 rw-p 00000000 00:00 0 
7f76cc021000-7f76d0000000 ---p 00000000 00:00 0 
7f76d0000000-7f76d0021000 rw-p 00000000 00:00 0 
7f76d0021000-7f76d4000000 ---p 00000000 00:00 0 
7f76d4000000-7f76d4021000 rw-p 00000000 00:00 0 
7f76d4021000-7f76d8000000 ---p 00000000 00:00 0 
7f76d8000000-7f76d8021000 rw-p 00000000 00:00 0 
7f76d8021000-7f76dc000000 ---p 00000000 00:00 0 
7f76dc001000-7f76dc01c000 r--s 00000000 08:06 1054288                    /usr/share/fonts/type1/gsfonts/p052003l.pfb
7f76dc01c000-7f76dc02d000 r--s 00000000 08:06 1054210                    /usr/share/fonts/type1/gsfonts/a010035l.pfb
7f76dc02d000-7f76dc03d000 r--s 00000000 08:06 1054204                    /usr/share/fonts/type1/gsfonts/a010015l.pfb
7f76dc03d000-7f76dc053000 r--s 00000000 08:06 1054273                    /usr/share/fonts/type1/gsfonts/n021024l.pfb
7f76dc059000-7f76dc071000 r--s 00000000 08:06 1054231                    /usr/share/fonts/type1/gsfonts/c059033l.pfb
7f76dc074000-7f76dc084000 r--s 00000000 08:06 1054201                    /usr/share/fonts/type1/gsfonts/a010013l.pfb
7f76dc084000-7f76dc09a000 r--s 00000000 08:06 1054282                    /usr/share/fonts/type1/gsfonts/n022023l.pfb
7f76dc0b7000-7f76dc0cc000 r--s 00000000 08:06 1054219                    /usr/share/fonts/type1/gsfonts/b018032l.pfb
7f76dc0cc000-7f76dc0d0000 ---p 00000000 00:00 0 
7f76dc0d0000-7f76dc1cd000 rw-p 00000000 00:00 0 
7f76dc1cd000-7f76dc1ce000 ---p 00000000 00:00 0 
7f76dc1ce000-7f76dc9ce000 rw-p 00000000 00:00 0 
7f76dc9ce000-7f76dc9cf000 ---p 00000000 00:00 0 
7f76dc9cf000-7f76dd1cf000 rw-p 00000000 00:00 0 
7f76dd1cf000-7f76dd1d0000 ---p 00000000 00:00 0 
7f76dd1d0000-7f76dd9d0000 rw-p 00000000 00:00 0 
7f76dd9d0000-7f76dd9dc000 r-xp 00000000 08:06 793064                     /usr/lib/x86_64-linux-gnu/gio/modules/libdconfsettings.so
7f76dd9dc000-7f76ddbdb000 ---p 0000c000 08:06 793064                     /usr/lib/x86_64-linux-gnu/gio/modules/libdconfsettings.so
7f76ddbdb000-7f76ddbdc000 r--p 0000b000 08:06 793064                     /usr/lib/x86_64-linux-gnu/gio/modules/libdconfsettings.so
7f76ddbdc000-7f76ddbdd000 rw-p 0000c000 08:06 793064                     /usr/lib/x86_64-linux-gnu/gio/modules/libdconfsettings.so
7f76ddbdd000-7f76ddbe3000 r-xp 00000000 08:06 530746                     /lib/x86_64-linux-gnu/libuuid.so.1.3.0
7f76ddbe3000-7f76ddde2000 ---p 00006000 08:06 530746                     /lib/x86_64-linux-gnu/libuuid.so.1.3.0
7f76ddde2000-7f76ddde3000 r--p 00005000 08:06 530746                     /lib/x86_64-linux-gnu/libuuid.so.1.3.0
7f76ddde3000-7f76ddde4000 rw-p 00006000 08:06 530746                     /lib/x86_64-linux-gnu/libuuid.so.1.3.0
7f76ddde4000-7f76dde2b000 r-xp 00000000 08:06 531313                     /lib/x86_64-linux-gnu/libblkid.so.1.1.0
7f76dde2b000-7f76de02b000 ---p 00047000 08:06 531313                     /lib/x86_64-linux-gnu/libblkid.so.1.1.0
7f76de02b000-7f76de02f000 r--p 00047000 08:06 531313                     /lib/x86_64-linux-gnu/libblkid.so.1.1.0
7f76de02f000-7f76de030000 rw-p 0004b000 08:06 531313                     /lib/x86_64-linux-gnu/libblkid.so.1.1.0
7f76de030000-7f76de031000 rw-p 00000000 00:00 0 
7f76de031000-7f76de0a1000 r-xp 00000000 08:06 531268                     /lib/x86_64-linux-gnu/libpcre.so.3.13.3
7f76de0a1000-7f76de2a1000 ---p 00070000 08:06 531268                     /lib/x86_64-linux-gnu/libpcre.so.3.13.3
7f76de2a1000-7f76de2a2000 r--p 00070000 08:06 531268                     /lib/x86_64-linux-gnu/libpcre.so.3.13.3
7f76de2a2000-7f76de2a3000 rw-p 00071000 08:06 531268                     /lib/x86_64-linux-gnu/libpcre.so.3.13.3
7f76de2a3000-7f76de2aa000 r-xp 00000000 08:06 404782                     /usr/lib/x86_64-linux-gnu/libffi.so.6.0.4
7f76de2aa000-7f76de4a9000 ---p 00007000 08:06 404782                     /usr/lib/x86_64-linux-gnu/libffi.so.6.0.4
7f76de4a9000-7f76de4aa000 r--p 00006000 08:06 404782                     /usr/lib/x86_64-linux-gnu/libffi.so.6.0.4
7f76de4aa000-7f76de4ab000 rw-p 00007000 08:06 404782                     /usr/lib/x86_64-linux-gnu/libffi.so.6.0.4
7f76de4ab000-7f76de4fc000 r-xp 00000000 08:06 531179                     /lib/x86_64-linux-gnu/libmount.so.1.1.0
7f76de4fc000-7f76de6fb000 ---p 00051000 08:06 531179                     /lib/x86_64-linux-gnu/libmount.so.1.1.0
7f76de6fb000-7f76de6fd000 r--p 00050000 08:06 531179                     /lib/x86_64-linux-gnu/libmount.so.1.1.0
7f76de6fd000-7f76de6fe000 rw-p 00052000 08:06 531179                     /lib/x86_64-linux-gnu/libmount.so.1.1.0
7f76de6fe000-7f76de6ff000 rw-p 00000000 00:00 0 
7f76de6ff000-7f76de716000 r-xp 00000000 08:06 531285                     /lib/x86_64-linux-gnu/libresolv-2.27.so
7f76de716000-7f76de916000 ---p 00017000 08:06 531285                     /lib/x86_64-linux-gnu/libresolv-2.27.so
7f76de916000-7f76de917000 r--p 00017000 08:06 531285                     /lib/x86_64-linux-gnu/libresolv-2.27.so
7f76de917000-7f76de918000 rw-p 00018000 08:06 531285                     /lib/x86_64-linux-gnu/libresolv-2.27.so
7f76de918000-7f76de91a000 rw-p 00000000 00:00 0 
7f76de91a000-7f76de93f000 r-xp 00000000 08:06 531291                     /lib/x86_64-linux-gnu/libselinux.so.1
7f76de93f000-7f76deb3e000 ---p 00025000 08:06 531291                     /lib/x86_64-linux-gnu/libselinux.so.1
7f76deb3e000-7f76deb3f000 r--p 00024000 08:06 531291                     /lib/x86_64-linux-gnu/libselinux.so.1
7f76deb3f000-7f76deb40000 rw-p 00025000 08:06 531291                     /lib/x86_64-linux-gnu/libselinux.so.1
7f76deb40000-7f76deb42000 rw-p 00000000 00:00 0 
7f76deb42000-7f76dec55000 r-xp 00000000 08:06 394328                     /usr/lib/x86_64-linux-gnu/libglib-2.0.so.0.5600.2
7f76dec55000-7f76dee55000 ---p 00113000 08:06 394328                     /usr/lib/x86_64-linux-gnu/libglib-2.0.so.0.5600.2
7f76dee55000-7f76dee56000 r--p 00113000 08:06 394328                     /usr/lib/x86_64-linux-gnu/libglib-2.0.so.0.5600.2
7f76dee56000-7f76dee57000 rw-p 00114000 08:06 394328                     /usr/lib/x86_64-linux-gnu/libglib-2.0.so.0.5600.2
7f76dee57000-7f76dee58000 rw-p 00000000 00:00 0 
7f76dee58000-7f76dee5b000 r-xp 00000000 08:06 394351                     /usr/lib/x86_64-linux-gnu/libgmodule-2.0.so.0.5600.2
7f76dee5b000-7f76df05a000 ---p 00003000 08:06 394351                     /usr/lib/x86_64-linux-gnu/libgmodule-2.0.so.0.5600.2
7f76df05a000-7f76df05b000 r--p 00002000 08:06 394351                     /usr/lib/x86_64-linux-gnu/libgmodule-2.0.so.0.5600.2
7f76df05b000-7f76df05c000 rw-p 00003000 08:06 394351                     /usr/lib/x86_64-linux-gnu/libgmodule-2.0.so.0.5600.2
7f76df05c000-7f76df0ae000 r-xp 00000000 08:06 394352                     /usr/lib/x86_64-linux-gnu/libgobject-2.0.so.0.5600.2
7f76df0ae000-7f76df2ae000 ---p 00052000 08:06 394352                     /usr/lib/x86_64-linux-gnu/libgobject-2.0.so.0.5600.2
7f76df2ae000-7f76df2af000 r--p 00052000 08:06 394352                     /usr/lib/x86_64-linux-gnu/libgobject-2.0.so.0.5600.2
7f76df2af000-7f76df2b0000 rw-p 00053000 08:06 394352                     /usr/lib/x86_64-linux-gnu/libgobject-2.0.so.0.5600.2
7f76df2b0000-7f76df445000 r-xp 00000000 08:06 394320                     /usr/lib/x86_64-linux-gnu/libgio-2.0.so.0.5600.2
7f76df445000-7f76df645000 ---p 00195000 08:06 394320                     /usr/lib/x86_64-linux-gnu/libgio-2.0.so.0.5600.2
7f76df645000-7f76df64c000 r--p 00195000 08:06 394320                     /usr/lib/x86_64-linux-gnu/libgio-2.0.so.0.5600.2
7f76df64c000-7f76df64d000 rw-p 0019c000 08:06 394320                     /usr/lib/x86_64-linux-gnu/libgio-2.0.so.0.5600.2
7f76df64d000-7f76df64f000 rw-p 00000000 00:00 0 
7f76df64f000-7f76df659000 r-xp 00000000 08:06 404471                     /usr/lib/x86_64-linux-gnu/libXrandr.so.2.2.0
7f76df659000-7f76df858000 ---p 0000a000 08:06 404471                     /usr/lib/x86_64-linux-gnu/libXrandr.so.2.2.0
7f76df858000-7f76df859000 r--p 00009000 08:06 404471                     /usr/lib/x86_64-linux-gnu/libXrandr.so.2.2.0
7f76df859000-7f76df85a000 rw-p 0000a000 08:06 404471                     /usr/lib/x86_64-linux-gnu/libXrandr.so.2.2.0
7f76df85a000-7f76df88b000 r-xp 00000000 08:06 415205                     /usr/lib/x86_64-linux-gnu/libpng16.so.16.34.0
7f76df88b000-7f76dfa8a000 ---p 00031000 08:06 415205                     /usr/lib/x86_64-linux-gnu/libpng16.so.16.34.0
7f76dfa8a000-7f76dfa8b000 r--p 00030000 08:06 415205                     /usr/lib/x86_64-linux-gnu/libpng16.so.16.34.0
7f76dfa8b000-7f76dfa8c000 rw-p 00031000 08:06 415205                     /usr/lib/x86_64-linux-gnu/libpng16.so.16.34.0
7f76dfa8c000-7f76dfb39000 r-xp 00000000 08:06 404814                     /usr/lib/x86_64-linux-gnu/libfreetype.so.6.15.0
7f76dfb39000-7f76dfd38000 ---p 000ad000 08:06 404814                     /usr/lib/x86_64-linux-gnu/libfreetype.so.6.15.0
7f76dfd38000-7f76dfd3f000 r--p 000ac000 08:06 404814                     /usr/lib/x86_64-linux-gnu/libfreetype.so.6.15.0
7f76dfd3f000-7f76dfd40000 rw-p 000b3000 08:06 404814                     /usr/lib/x86_64-linux-gnu/libfreetype.so.6.15.0
7f76dfd40000-7f76dfdfc000 r-xp 00000000 08:06 449899                     /usr/lib/jvm/jdk-11.0.1/lib/libfontmanager.so
7f76dfdfc000-7f76dfffc000 ---p 000bc000 08:06 449899                     /usr/lib/jvm/jdk-11.0.1/lib/libfontmanager.so
7f76dfffc000-7f76dfffe000 r--p 000bc000 08:06 449899                     /usr/lib/jvm/jdk-11.0.1/lib/libfontmanager.so
7f76dfffe000-7f76dffff000 rw-p 000be000 08:06 449899                     /usr/lib/jvm/jdk-11.0.1/lib/libfontmanager.so
7f76dffff000-7f76e0000000 rw-p 00000000 00:00 0 
7f76e0000000-7f76e0021000 rw-p 00000000 00:00 0 
7f76e0021000-7f76e4000000 ---p 00000000 00:00 0 
7f76e4000000-7f76e4021000 rw-p 00000000 00:00 0 
7f76e4021000-7f76e8000000 ---p 00000000 00:00 0 
7f76e8000000-7f76e8021000 rw-p 00000000 00:00 0 
7f76e8021000-7f76ec000000 ---p 00000000 00:00 0 
7f76ec000000-7f76ec021000 rw-p 00000000 00:00 0 
7f76ec021000-7f76f0000000 ---p 00000000 00:00 0 
7f76f0000000-7f76f087d000 rw-p 00000000 00:00 0 
7f76f087d000-7f76f4000000 ---p 00000000 00:00 0 
7f76f4000000-7f76f4379000 rw-p 00000000 00:00 0 
7f76f4379000-7f76f8000000 ---p 00000000 00:00 0 
7f76f8000000-7f76f8021000 rw-p 00000000 00:00 0 
7f76f8021000-7f76fc000000 ---p 00000000 00:00 0 
7f76fc000000-7f76fc021000 rw-p 00000000 00:00 0 
7f76fc021000-7f7700000000 ---p 00000000 00:00 0 
7f7700000000-7f770003c000 rw-p 00000000 00:00 0 
7f770003c000-7f7704000000 ---p 00000000 00:00 0 
7f7704000000-7f7704021000 rw-p 00000000 00:00 0 
7f7704021000-7f7708000000 ---p 00000000 00:00 0 
7f7708000000-7f7708021000 rw-p 00000000 00:00 0 
7f7708021000-7f770c000000 ---p 00000000 00:00 0 
7f770c000000-7f770c012000 r--s 00000000 08:06 1054222                    /usr/share/fonts/type1/gsfonts/b018035l.pfb
7f770c012000-7f770c016000 ---p 00000000 00:00 0 
7f770c016000-7f770c313000 rw-p 00000000 00:00 0 
7f770c313000-7f770c326000 r-xp 00000000 08:06 531142                     /lib/x86_64-linux-gnu/libbsd.so.0.8.7
7f770c326000-7f770c525000 ---p 00013000 08:06 531142                     /lib/x86_64-linux-gnu/libbsd.so.0.8.7
7f770c525000-7f770c526000 r--p 00012000 08:06 531142                     /lib/x86_64-linux-gnu/libbsd.so.0.8.7
7f770c526000-7f770c527000 rw-p 00013000 08:06 531142                     /lib/x86_64-linux-gnu/libbsd.so.0.8.7
7f770c527000-7f770c528000 rw-p 00000000 00:00 0 
7f770c528000-7f770c52d000 r-xp 00000000 08:06 404451                     /usr/lib/x86_64-linux-gnu/libXdmcp.so.6.0.0
7f770c52d000-7f770c72c000 ---p 00005000 08:06 404451                     /usr/lib/x86_64-linux-gnu/libXdmcp.so.6.0.0
7f770c72c000-7f770c72d000 r--p 00004000 08:06 404451                     /usr/lib/x86_64-linux-gnu/libXdmcp.so.6.0.0
7f770c72d000-7f770c72e000 rw-p 00005000 08:06 404451                     /usr/lib/x86_64-linux-gnu/libXdmcp.so.6.0.0
7f770c72e000-7f770c730000 r-xp 00000000 08:06 404440                     /usr/lib/x86_64-linux-gnu/libXau.so.6.0.0
7f770c730000-7f770c930000 ---p 00002000 08:06 404440                     /usr/lib/x86_64-linux-gnu/libXau.so.6.0.0
7f770c930000-7f770c931000 r--p 00002000 08:06 404440                     /usr/lib/x86_64-linux-gnu/libXau.so.6.0.0
7f770c931000-7f770c932000 rw-p 00003000 08:06 404440                     /usr/lib/x86_64-linux-gnu/libXau.so.6.0.0
7f770c932000-7f770c958000 r-xp 00000000 08:06 405644                     /usr/lib/x86_64-linux-gnu/libxcb.so.1.1.0
7f770c958000-7f770cb58000 ---p 00026000 08:06 405644                     /usr/lib/x86_64-linux-gnu/libxcb.so.1.1.0
7f770cb58000-7f770cb59000 r--p 00026000 08:06 405644                     /usr/lib/x86_64-linux-gnu/libxcb.so.1.1.0
7f770cb59000-7f770cb5a000 rw-p 00027000 08:06 405644                     /usr/lib/x86_64-linux-gnu/libxcb.so.1.1.0
7f770cb5a000-7f770cb69000 r-xp 00000000 08:06 404461                     /usr/lib/x86_64-linux-gnu/libXi.so.6.1.0
7f770cb69000-7f770cd68000 ---p 0000f000 08:06 404461                     /usr/lib/x86_64-linux-gnu/libXi.so.6.1.0
7f770cd68000-7f770cd69000 r--p 0000e000 08:06 404461                     /usr/lib/x86_64-linux-gnu/libXi.so.6.1.0
7f770cd69000-7f770cd6a000 rw-p 0000f000 08:06 404461                     /usr/lib/x86_64-linux-gnu/libXi.so.6.1.0
7f770cd6a000-7f770cd6f000 r-xp 00000000 08:06 404479                     /usr/lib/x86_64-linux-gnu/libXtst.so.6.1.0
7f770cd6f000-7f770cf6e000 ---p 00005000 08:06 404479                     /usr/lib/x86_64-linux-gnu/libXtst.so.6.1.0
7f770cf6e000-7f770cf6f000 r--p 00004000 08:06 404479                     /usr/lib/x86_64-linux-gnu/libXtst.so.6.1.0
7f770cf6f000-7f770cf70000 rw-p 00005000 08:06 404479                     /usr/lib/x86_64-linux-gnu/libXtst.so.6.1.0
7f770cf70000-7f770cf79000 r-xp 00000000 08:06 404473                     /usr/lib/x86_64-linux-gnu/libXrender.so.1.3.0
7f770cf79000-7f770d178000 ---p 00009000 08:06 404473                     /usr/lib/x86_64-linux-gnu/libXrender.so.1.3.0
7f770d178000-7f770d179000 r--p 00008000 08:06 404473                     /usr/lib/x86_64-linux-gnu/libXrender.so.1.3.0
7f770d179000-7f770d17a000 rw-p 00009000 08:06 404473                     /usr/lib/x86_64-linux-gnu/libXrender.so.1.3.0
7f770d17a000-7f770d2ad000 r-xp 00000000 08:06 415392                     /usr/lib/x86_64-linux-gnu/libX11.so.6.3.0
7f770d2ad000-7f770d4ad000 ---p 00133000 08:06 415392                     /usr/lib/x86_64-linux-gnu/libX11.so.6.3.0
7f770d4ad000-7f770d4ae000 r--p 00133000 08:06 415392                     /usr/lib/x86_64-linux-gnu/libX11.so.6.3.0
7f770d4ae000-7f770d4b2000 rw-p 00134000 08:06 415392                     /usr/lib/x86_64-linux-gnu/libX11.so.6.3.0
7f770d4b2000-7f770d4c3000 r-xp 00000000 08:06 404453                     /usr/lib/x86_64-linux-gnu/libXext.so.6.4.0
7f770d4c3000-7f770d6c2000 ---p 00011000 08:06 404453                     /usr/lib/x86_64-linux-gnu/libXext.so.6.4.0
7f770d6c2000-7f770d6c3000 r--p 00010000 08:06 404453                     /usr/lib/x86_64-linux-gnu/libXext.so.6.4.0
7f770d6c3000-7f770d6c4000 rw-p 00011000 08:06 404453                     /usr/lib/x86_64-linux-gnu/libXext.so.6.4.0
7f770d6c4000-7f770d721000 r-xp 00000000 08:06 449909                     /usr/lib/jvm/jdk-11.0.1/lib/libawt_xawt.so
7f770d721000-7f770d921000 ---p 0005d000 08:06 449909                     /usr/lib/jvm/jdk-11.0.1/lib/libawt_xawt.so
7f770d921000-7f770d922000 r--p 0005d000 08:06 449909                     /usr/lib/jvm/jdk-11.0.1/lib/libawt_xawt.so
7f770d922000-7f770d925000 rw-p 0005e000 08:06 449909                     /usr/lib/jvm/jdk-11.0.1/lib/libawt_xawt.so
7f770d925000-7f770d927000 rw-p 00000000 00:00 0 
7f770d927000-7f770d9c7000 r-xp 00000000 08:06 449932                     /usr/lib/jvm/jdk-11.0.1/lib/libawt.so
7f770d9c7000-7f770dbc6000 ---p 000a0000 08:06 449932                     /usr/lib/jvm/jdk-11.0.1/lib/libawt.so
7f770dbc6000-7f770dbc7000 r--p 0009f000 08:06 449932                     /usr/lib/jvm/jdk-11.0.1/lib/libawt.so
7f770dbc7000-7f770dbd2000 rw-p 000a0000 08:06 449932                     /usr/lib/jvm/jdk-11.0.1/lib/libawt.so
7f770dbd2000-7f770dbf7000 rw-p 00000000 00:00 0 
7f770dbf7000-7f770dbf9000 r-xp 00000000 08:06 449942                     /usr/lib/jvm/jdk-11.0.1/lib/libextnet.so
7f770dbf9000-7f770ddf8000 ---p 00002000 08:06 449942                     /usr/lib/jvm/jdk-11.0.1/lib/libextnet.so
7f770ddf8000-7f770ddf9000 r--p 00001000 08:06 449942                     /usr/lib/jvm/jdk-11.0.1/lib/libextnet.so
7f770ddf9000-7f770ddfa000 rw-p 00002000 08:06 449942                     /usr/lib/jvm/jdk-11.0.1/lib/libextnet.so
7f770ddfa000-7f770ddfb000 ---p 00000000 00:00 0 
7f770ddfb000-7f770defc000 rw-p 00000000 00:00 0 
7f770defc000-7f770df00000 ---p 00000000 00:00 0 
7f770df00000-7f770dffd000 rw-p 00000000 00:00 0 
7f770dffd000-7f770e001000 ---p 00000000 00:00 0 
7f770e001000-7f770e0fe000 rw-p 00000000 00:00 0 
7f770e0fe000-7f770e114000 r-xp 00000000 08:06 449929                     /usr/lib/jvm/jdk-11.0.1/lib/libnet.so
7f770e114000-7f770e313000 ---p 00016000 08:06 449929                     /usr/lib/jvm/jdk-11.0.1/lib/libnet.so
7f770e313000-7f770e314000 r--p 00015000 08:06 449929                     /usr/lib/jvm/jdk-11.0.1/lib/libnet.so
7f770e314000-7f770e315000 rw-p 00016000 08:06 449929                     /usr/lib/jvm/jdk-11.0.1/lib/libnet.so
7f770e315000-7f770e325000 r-xp 00000000 08:06 449918                     /usr/lib/jvm/jdk-11.0.1/lib/libnio.so
7f770e325000-7f770e524000 ---p 00010000 08:06 449918                     /usr/lib/jvm/jdk-11.0.1/lib/libnio.so
7f770e524000-7f770e525000 r--p 0000f000 08:06 449918                     /usr/lib/jvm/jdk-11.0.1/lib/libnio.so
7f770e525000-7f770e526000 rw-p 00010000 08:06 449918                     /usr/lib/jvm/jdk-11.0.1/lib/libnio.so
7f770e526000-7f770e52a000 ---p 00000000 00:00 0 
7f770e52a000-7f770e627000 rw-p 00000000 00:00 0 
7f770e627000-7f770e62b000 ---p 00000000 00:00 0 
7f770e62b000-7f770e728000 rw-p 00000000 00:00 0 
7f770e728000-7f770e72c000 ---p 00000000 00:00 0 
7f770e72c000-7f770e829000 rw-p 00000000 00:00 0 
7f770e829000-7f770e82d000 ---p 00000000 00:00 0 
7f770e82d000-7f770e92a000 rw-p 00000000 00:00 0 
7f770e92a000-7f770e92e000 ---p 00000000 00:00 0 
7f770e92e000-7f770ea2b000 rw-p 00000000 00:00 0 
7f770ea2b000-7f770f3fa000 r--p 00000000 08:06 400884                     /usr/lib/locale/locale-archive
7f770f3fa000-7f770f3fe000 ---p 00000000 00:00 0 
7f770f3fe000-7f770f4fb000 rw-p 00000000 00:00 0 
7f770f4fb000-7f770f4ff000 ---p 00000000 00:00 0 
7f770f4ff000-7f770f5fc000 rw-p 00000000 00:00 0 
7f770f5fc000-7f770f5fd000 ---p 00000000 00:00 0 
7f770f5fd000-7f770fefe000 rw-p 00000000 00:00 0 
7f770fefe000-7f770feff000 ---p 00000000 00:00 0 
7f770feff000-7f7710000000 rw-p 00000000 00:00 0 
7f7710000000-7f7710021000 rw-p 00000000 00:00 0 
7f7710021000-7f7714000000 ---p 00000000 00:00 0 
7f7714000000-7f7714021000 rw-p 00000000 00:00 0 
7f7714021000-7f7718000000 ---p 00000000 00:00 0 
7f7718000000-7f7718021000 rw-p 00000000 00:00 0 
7f7718021000-7f771c000000 ---p 00000000 00:00 0 
7f771c000000-7f771c00b000 r--s 00000000 08:06 131425                     /var/cache/fontconfig/945677eb7aeaf62f1d50efc3fb3ec7d8-le64.cache-7
7f771c00b000-7f771c046000 r--s 00000000 08:06 149675                     /var/cache/fontconfig/365b55f210c0a22e9a19e35191240f32-le64.cache-7
7f771c046000-7f771c047000 ---p 00000000 00:00 0 
7f771c047000-7f771e338000 rw-p 00000000 00:00 0 
7f771e338000-7f7720000000 ---p 00000000 00:00 0 
7f7720000000-7f7720021000 rw-p 00000000 00:00 0 
7f7720021000-7f7724000000 ---p 00000000 00:00 0 
7f7724001000-7f7724006000 r--s 00000000 08:06 131396                     /var/cache/fontconfig/2300eef321c393bfd76478a5c0e95b23-le64.cache-7
7f7724006000-7f7724007000 r--s 00000000 08:06 131389                     /var/cache/fontconfig/0d8c3b2ac0904cb8a57a757ad11a4a08-le64.cache-7
7f7724007000-7f772401c000 r--s 00000000 08:06 131385                     /var/cache/fontconfig/04aabc0a78ac019cf9454389977116d2-le64.cache-7
7f772401c000-7f772401d000 r--s 00000000 08:06 131393                     /var/cache/fontconfig/1ac9eb803944fde146138c791f5cc56a-le64.cache-7
7f772401d000-7f772401e000 r--s 00000000 08:06 131444                     /var/cache/fontconfig/dc05db6664285cc2f12bf69c139ae4c3-le64.cache-7
7f772401e000-7f7724020000 r--s 00000000 08:06 131390                     /var/cache/fontconfig/14a5e22175779b556eaa434240950366-le64.cache-7
7f7724020000-7f7724021000 r--s 00000000 08:06 131417                     /var/cache/fontconfig/660208299946a285a940457d1287da33-le64.cache-7
7f7724021000-7f7724023000 r--s 00000000 08:06 131408                     /var/cache/fontconfig/4f3e3037c9980c83b53a9351efadef62-le64.cache-7
7f7724023000-7f7724025000 r--s 00000000 08:06 131422                     /var/cache/fontconfig/767a8244fc0220cfb567a839d0392e0b-le64.cache-7
7f7724025000-7f7724026000 r--s 00000000 08:06 136090                     /var/cache/fontconfig/4794a0821666d79190d59a36cb4f44b5-le64.cache-7
7f7724026000-7f7724028000 r--s 00000000 08:06 131387                     /var/cache/fontconfig/0bd3dc0958fa2205aaaa8ebb13e2872b-le64.cache-7
7f7724028000-7f772402d000 r--s 00000000 08:06 131445                     /var/cache/fontconfig/def309198bfa603429122923fa2bb2d4-le64.cache-7
7f772402d000-7f772402e000 r--s 00000000 08:06 131433                     /var/cache/fontconfig/b872e6e592da6075ffa4ab0a1fcc0c75-le64.cache-7
7f772402e000-7f772402f000 r--s 00000000 08:06 131450                     /var/cache/fontconfig/f6d4eedfaab2589bde49f7a3ff831d22-le64.cache-7
7f772402f000-7f7724030000 r--s 00000000 08:06 131415                     /var/cache/fontconfig/589f83ef4c36d296ce6e1c846f468f08-le64.cache-7
7f7724030000-7f7724031000 r--s 00000000 08:06 131435                     /var/cache/fontconfig/bab58bb527bb656aaa9f116d68a48d89-le64.cache-7
7f7724031000-7f7724032000 r--s 00000000 08:06 131394                     /var/cache/fontconfig/2171a34dccabdb6bcbbc728186263178-le64.cache-7
7f7724032000-7f7724033000 r--s 00000000 08:06 131436                     /var/cache/fontconfig/c5c45a61289222e0d30b1a26ef4effbe-le64.cache-7
7f7724033000-7f7724034000 r--s 00000000 08:06 131431                     /var/cache/fontconfig/aec30016f93e1b46d1a973dce0d74068-le64.cache-7
7f7724034000-7f7724035000 r--s 00000000 08:06 131401                     /var/cache/fontconfig/3f589640d34b7dc9042c8d453f7c8b9c-le64.cache-7
7f7724035000-7f7724036000 r--s 00000000 08:06 131391                     /var/cache/fontconfig/16c2fda60d1b4b719f4b3d06fd951d25-le64.cache-7
7f7724036000-7f7724037000 r--s 00000000 08:06 131430                     /var/cache/fontconfig/a48eab177a16e4f3713381162db2f3e9-le64.cache-7
7f7724037000-7f7724038000 r--s 00000000 08:06 131411                     /var/cache/fontconfig/564b2e68ac9bc4e36a6f7f6d6125ec1c-le64.cache-7
7f7724038000-7f772403d000 r--s 00000000 08:06 136088                     /var/cache/fontconfig/9d2451b1fd30e5bffe8383fd27c35478-le64.cache-7
7f772403d000-7f7724043000 r--s 00000000 08:06 136087                     /var/cache/fontconfig/3047814df9a2f067bd2d96a2b9c36e5a-le64.cache-7
7f7724043000-7f772404b000 r--s 00000000 08:06 133552                     /var/cache/fontconfig/bf3b770c553c462765856025a94f1ce6-le64.cache-7
7f772404b000-7f772404c000 r--s 00000000 08:06 131412                     /var/cache/fontconfig/56cf4f4769d0f4abc89a4895d7bd3ae1-le64.cache-7
7f772404c000-7f772404d000 r--s 00000000 08:06 131434                     /var/cache/fontconfig/b9d506c9ac06c20b433354fa67a72993-le64.cache-7
7f772404d000-7f7724053000 r--s 00000000 08:06 131432                     /var/cache/fontconfig/b47c4e1ecd0709278f4910c18777a504-le64.cache-7
7f7724053000-7f7724066000 r--s 00000000 08:06 131441                     /var/cache/fontconfig/d52a8644073d54c13679302ca1180695-le64.cache-7
7f7724066000-7f7724067000 r--s 00000000 08:06 131399                     /var/cache/fontconfig/370e5b74bf5dafc30834de68e24a87a4-le64.cache-7
7f7724067000-7f7724068000 r--s 00000000 08:06 136086                     /var/cache/fontconfig/6b2c5944714ca7831b25bed9e85cb5c8-le64.cache-7
7f7724068000-7f7724069000 r--s 00000000 08:06 131440                     /var/cache/fontconfig/d5178ab6d91b49bf20a416737dcea9e8-le64.cache-7
7f7724069000-7f772406c000 r--s 00000000 08:06 136081                     /var/cache/fontconfig/f259c2cffa685e28062317905db73c4a-le64.cache-7
7f772406c000-7f772406e000 r--s 00000000 08:06 136080                     /var/cache/fontconfig/550f3886151c940c12a5ed35f6a00586-le64.cache-7
7f772406e000-7f7724472000 rw-p 00000000 00:00 0 
7f7724472000-7f7724473000 ---p 00000000 00:00 0 
7f7724473000-7f7724574000 rw-p 00000000 00:00 0 
7f7724574000-7f7724575000 ---p 00000000 00:00 0 
7f7724575000-7f7724866000 rw-p 00000000 00:00 0 
7f7724866000-7f772652e000 ---p 00000000 00:00 0 
7f772652e000-7f772656c000 rw-p 00000000 00:00 0 
7f772656c000-7f7726905000 ---p 00000000 00:00 0 
7f7726905000-7f7726943000 rw-p 00000000 00:00 0 
7f7726943000-7f7726cdc000 ---p 00000000 00:00 0 
7f7726cdc000-7f7726d1a000 rw-p 00000000 00:00 0 
7f7726d1a000-7f77270b3000 ---p 00000000 00:00 0 
7f77270b3000-7f77274b7000 rw-p 00000000 00:00 0 
7f77274b7000-7f77274b8000 ---p 00000000 00:00 0 
7f77274b8000-7f77275be000 rw-p 00000000 00:00 0 
7f77275be000-7f77276a4000 ---p 00000000 00:00 0 
7f77276a4000-7f77276aa000 rw-p 00000000 00:00 0 
7f77276aa000-7f772778f000 ---p 00000000 00:00 0 
7f772778f000-7f77279ff000 rwxp 00000000 00:00 0 
7f77279ff000-7f7727d1f000 ---p 00000000 00:00 0 
7f7727d1f000-7f7727faf000 rwxp 00000000 00:00 0 
7f7727faf000-7f772f257000 ---p 00000000 00:00 0 
7f772f257000-7f772f4c7000 rwxp 00000000 00:00 0 
7f772f4c7000-7f773678f000 ---p 00000000 00:00 0 
7f773678f000-7f773eb4a000 r--s 00000000 08:06 449941                     /usr/lib/jvm/jdk-11.0.1/lib/modules
7f773eb4a000-7f773eb65000 r-xp 00000000 08:06 449917                     /usr/lib/jvm/jdk-11.0.1/lib/libjimage.so
7f773eb65000-7f773ed64000 ---p 0001b000 08:06 449917                     /usr/lib/jvm/jdk-11.0.1/lib/libjimage.so
7f773ed64000-7f773ed66000 r--p 0001a000 08:06 449917                     /usr/lib/jvm/jdk-11.0.1/lib/libjimage.so
7f773ed66000-7f773ed67000 rw-p 0001c000 08:06 449917                     /usr/lib/jvm/jdk-11.0.1/lib/libjimage.so
7f773ed67000-7f773ed6e000 r-xp 00000000 08:06 449930                     /usr/lib/jvm/jdk-11.0.1/lib/libzip.so
7f773ed6e000-7f773ef6d000 ---p 00007000 08:06 449930                     /usr/lib/jvm/jdk-11.0.1/lib/libzip.so
7f773ef6d000-7f773ef6e000 r--p 00006000 08:06 449930                     /usr/lib/jvm/jdk-11.0.1/lib/libzip.so
7f773ef6e000-7f773ef6f000 rw-p 00007000 08:06 449930                     /usr/lib/jvm/jdk-11.0.1/lib/libzip.so
7f773ef6f000-7f773ef7a000 r-xp 00000000 08:06 531236                     /lib/x86_64-linux-gnu/libnss_files-2.27.so
7f773ef7a000-7f773f179000 ---p 0000b000 08:06 531236                     /lib/x86_64-linux-gnu/libnss_files-2.27.so
7f773f179000-7f773f17a000 r--p 0000a000 08:06 531236                     /lib/x86_64-linux-gnu/libnss_files-2.27.so
7f773f17a000-7f773f17b000 rw-p 0000b000 08:06 531236                     /lib/x86_64-linux-gnu/libnss_files-2.27.so
7f773f17b000-7f773f181000 rw-p 00000000 00:00 0 
7f773f181000-7f773f198000 r-xp 00000000 08:06 531230                     /lib/x86_64-linux-gnu/libnsl-2.27.so
7f773f198000-7f773f397000 ---p 00017000 08:06 531230                     /lib/x86_64-linux-gnu/libnsl-2.27.so
7f773f397000-7f773f398000 r--p 00016000 08:06 531230                     /lib/x86_64-linux-gnu/libnsl-2.27.so
7f773f398000-7f773f399000 rw-p 00017000 08:06 531230                     /lib/x86_64-linux-gnu/libnsl-2.27.so
7f773f399000-7f773f39b000 rw-p 00000000 00:00 0 
7f773f39b000-7f773f3a6000 r-xp 00000000 08:06 531247                     /lib/x86_64-linux-gnu/libnss_nis-2.27.so
7f773f3a6000-7f773f5a5000 ---p 0000b000 08:06 531247                     /lib/x86_64-linux-gnu/libnss_nis-2.27.so
7f773f5a5000-7f773f5a6000 r--p 0000a000 08:06 531247                     /lib/x86_64-linux-gnu/libnss_nis-2.27.so
7f773f5a6000-7f773f5a7000 rw-p 0000b000 08:06 531247                     /lib/x86_64-linux-gnu/libnss_nis-2.27.so
7f773f5a7000-7f773f5af000 r-xp 00000000 08:06 531232                     /lib/x86_64-linux-gnu/libnss_compat-2.27.so
7f773f5af000-7f773f7af000 ---p 00008000 08:06 531232                     /lib/x86_64-linux-gnu/libnss_compat-2.27.so
7f773f7af000-7f773f7b0000 r--p 00008000 08:06 531232                     /lib/x86_64-linux-gnu/libnss_compat-2.27.so
7f773f7b0000-7f773f7b1000 rw-p 00009000 08:06 531232                     /lib/x86_64-linux-gnu/libnss_compat-2.27.so
7f773f7b1000-7f773f7bb000 r-xp 00000000 08:06 449924                     /usr/lib/jvm/jdk-11.0.1/lib/libinstrument.so
7f773f7bb000-7f773f9ba000 ---p 0000a000 08:06 449924                     /usr/lib/jvm/jdk-11.0.1/lib/libinstrument.so
7f773f9ba000-7f773f9bb000 r--p 00009000 08:06 449924                     /usr/lib/jvm/jdk-11.0.1/lib/libinstrument.so
7f773f9bb000-7f773f9bc000 rw-p 0000a000 08:06 449924                     /usr/lib/jvm/jdk-11.0.1/lib/libinstrument.so
7f773f9bc000-7f773f9e7000 r-xp 00000000 08:06 449931                     /usr/lib/jvm/jdk-11.0.1/lib/libjava.so
7f773f9e7000-7f773fbe6000 ---p 0002b000 08:06 449931                     /usr/lib/jvm/jdk-11.0.1/lib/libjava.so
7f773fbe6000-7f773fbe7000 r--p 0002a000 08:06 449931                     /usr/lib/jvm/jdk-11.0.1/lib/libjava.so
7f773fbe7000-7f773fbe9000 rw-p 0002b000 08:06 449931                     /usr/lib/jvm/jdk-11.0.1/lib/libjava.so
7f773fbe9000-7f773fbf6000 r-xp 00000000 08:06 449927                     /usr/lib/jvm/jdk-11.0.1/lib/libverify.so
7f773fbf6000-7f773fdf5000 ---p 0000d000 08:06 449927                     /usr/lib/jvm/jdk-11.0.1/lib/libverify.so
7f773fdf5000-7f773fdf7000 r--p 0000c000 08:06 449927                     /usr/lib/jvm/jdk-11.0.1/lib/libverify.so
7f773fdf7000-7f773fdf8000 rw-p 0000e000 08:06 449927                     /usr/lib/jvm/jdk-11.0.1/lib/libverify.so
7f773fdf8000-7f773fdff000 r-xp 00000000 08:06 531287                     /lib/x86_64-linux-gnu/librt-2.27.so
7f773fdff000-7f773fffe000 ---p 00007000 08:06 531287                     /lib/x86_64-linux-gnu/librt-2.27.so
7f773fffe000-7f773ffff000 r--p 00006000 08:06 531287                     /lib/x86_64-linux-gnu/librt-2.27.so
7f773ffff000-7f7740000000 rw-p 00007000 08:06 531287                     /lib/x86_64-linux-gnu/librt-2.27.so
7f7740000000-7f774093a000 rw-p 00000000 00:00 0 
7f774093a000-7f7744000000 ---p 00000000 00:00 0 
7f7744000000-7f7744001000 r--s 00000000 08:06 136085                     /var/cache/fontconfig/551ecf3b0e8b0bca0f25c0944f561853-le64.cache-7
7f7744001000-7f7744004000 r--s 00000000 08:06 136078                     /var/cache/fontconfig/674d1711f2d1d2a09646eb0bdcadee49-le64.cache-7
7f7744004000-7f7744005000 r--s 00000000 08:06 131402                     /var/cache/fontconfig/3f7329c5293ffd510edef78f73874cfd-le64.cache-7
7f7744005000-7f7744009000 r--s 00000000 08:06 131442                     /var/cache/fontconfig/d589a48862398ed80a3d6066f4f56f4c-le64.cache-7
7f7744009000-7f7744016000 r--s 00000000 08:06 131386                     /var/cache/fontconfig/089dead882dea3570ffc31a9898cfb69-le64.cache-7
7f7744016000-7f7744017000 r--s 00000000 08:06 131388                     /var/cache/fontconfig/0c9eb80ebd1c36541ebe2852d3bb0c49-le64.cache-7
7f7744017000-7f7744018000 r--s 00000000 08:06 131395                     /var/cache/fontconfig/22368d551a680bfe5a62c02760edf4ea-le64.cache-7
7f7744018000-7f7744019000 r--s 00000000 08:06 131407                     /var/cache/fontconfig/4d9c95eba1cb85bbcf2878543262124a-le64.cache-7
7f7744019000-7f774401a000 r--s 00000000 08:06 131424                     /var/cache/fontconfig/85e0a52ce643a7ba2ae53e5d6949cead-le64.cache-7
7f774401a000-7f774401b000 r--s 00000000 08:06 131404                     /var/cache/fontconfig/49f0de54bdd920fe4f0dfd4cbac43e6b-le64.cache-7
7f774401b000-7f774401c000 r--s 00000000 08:06 131451                     /var/cache/fontconfig/f6e6e0a5c3d2f6ae0c0c2e0ecd42a997-le64.cache-7
7f774401c000-7f774403b000 r--s 00000000 08:06 133032                     /var/cache/fontconfig/9b89f8e3dae116d678bbf48e5f21f69b-le64.cache-7
7f774403b000-7f7744068000 r--p 00000000 08:06 659337                     /usr/share/glib-2.0/schemas/gschemas.compiled
7f7744068000-7f77440e9000 rw-p 00000000 00:00 0 
7f77440e9000-7f7744286000 r-xp 00000000 08:06 531209                     /lib/x86_64-linux-gnu/libm-2.27.so
7f7744286000-7f7744485000 ---p 0019d000 08:06 531209                     /lib/x86_64-linux-gnu/libm-2.27.so
7f7744485000-7f7744486000 r--p 0019c000 08:06 531209                     /lib/x86_64-linux-gnu/libm-2.27.so
7f7744486000-7f7744487000 rw-p 0019d000 08:06 531209                     /lib/x86_64-linux-gnu/libm-2.27.so
7f7744487000-7f774560f000 r-xp 00000000 08:06 449935                     /usr/lib/jvm/jdk-11.0.1/lib/server/libjvm.so
7f774560f000-7f774580f000 ---p 01188000 08:06 449935                     /usr/lib/jvm/jdk-11.0.1/lib/server/libjvm.so
7f774580f000-7f77458d9000 r--p 01188000 08:06 449935                     /usr/lib/jvm/jdk-11.0.1/lib/server/libjvm.so
7f77458d9000-7f7745913000 rw-p 01252000 08:06 449935                     /usr/lib/jvm/jdk-11.0.1/lib/server/libjvm.so
7f7745913000-7f7745969000 rw-p 00000000 00:00 0 
7f7745969000-7f7745b50000 r-xp 00000000 08:06 531146                     /lib/x86_64-linux-gnu/libc-2.27.so
7f7745b50000-7f7745d50000 ---p 001e7000 08:06 531146                     /lib/x86_64-linux-gnu/libc-2.27.so
7f7745d50000-7f7745d54000 r--p 001e7000 08:06 531146                     /lib/x86_64-linux-gnu/libc-2.27.so
7f7745d54000-7f7745d56000 rw-p 001eb000 08:06 531146                     /lib/x86_64-linux-gnu/libc-2.27.so
7f7745d56000-7f7745d5a000 rw-p 00000000 00:00 0 
7f7745d5a000-7f7745d5d000 r-xp 00000000 08:06 531169                     /lib/x86_64-linux-gnu/libdl-2.27.so
7f7745d5d000-7f7745f5c000 ---p 00003000 08:06 531169                     /lib/x86_64-linux-gnu/libdl-2.27.so
7f7745f5c000-7f7745f5d000 r--p 00002000 08:06 531169                     /lib/x86_64-linux-gnu/libdl-2.27.so
7f7745f5d000-7f7745f5e000 rw-p 00003000 08:06 531169                     /lib/x86_64-linux-gnu/libdl-2.27.so
7f7745f5e000-7f7745f6d000 r-xp 00000000 08:06 449949                     /usr/lib/jvm/jdk-11.0.1/lib/jli/libjli.so
7f7745f6d000-7f774616d000 ---p 0000f000 08:06 449949                     /usr/lib/jvm/jdk-11.0.1/lib/jli/libjli.so
7f774616d000-7f774616e000 r--p 0000f000 08:06 449949                     /usr/lib/jvm/jdk-11.0.1/lib/jli/libjli.so
7f774616e000-7f774616f000 rw-p 00010000 08:06 449949                     /usr/lib/jvm/jdk-11.0.1/lib/jli/libjli.so
7f774616f000-7f7746189000 r-xp 00000000 08:06 531279                     /lib/x86_64-linux-gnu/libpthread-2.27.so
7f7746189000-7f7746388000 ---p 0001a000 08:06 531279                     /lib/x86_64-linux-gnu/libpthread-2.27.so
7f7746388000-7f7746389000 r--p 00019000 08:06 531279                     /lib/x86_64-linux-gnu/libpthread-2.27.so
7f7746389000-7f774638a000 rw-p 0001a000 08:06 531279                     /lib/x86_64-linux-gnu/libpthread-2.27.so
7f774638a000-7f774638e000 rw-p 00000000 00:00 0 
7f774638e000-7f77463aa000 r-xp 00000000 08:06 531318                     /lib/x86_64-linux-gnu/libz.so.1.2.11
7f77463aa000-7f77465a9000 ---p 0001c000 08:06 531318                     /lib/x86_64-linux-gnu/libz.so.1.2.11
7f77465a9000-7f77465aa000 r--p 0001b000 08:06 531318                     /lib/x86_64-linux-gnu/libz.so.1.2.11
7f77465aa000-7f77465ab000 rw-p 0001c000 08:06 531318                     /lib/x86_64-linux-gnu/libz.so.1.2.11
7f77465ab000-7f77465d2000 r-xp 00000000 08:06 531118                     /lib/x86_64-linux-gnu/ld-2.27.so
7f77465d2000-7f77465d3000 r--s 00000000 08:06 131405                     /var/cache/fontconfig/4b2eda6bb976bda485cb2176619421d5-le64.cache-7
7f77465d3000-7f77465d9000 r--p 00000000 08:06 341417                     /home/enoch/.config/dconf/user
7f77465d9000-7f77465ec000 r--p 00000000 08:06 1058675                    /usr/share/locale-langpack/zh_CN/LC_MESSAGES/glib20.mo
7f77465ec000-7f77465f3000 r--s 00000000 08:06 792940                     /usr/lib/x86_64-linux-gnu/gconv/gconv-modules.cache
7f77465f3000-7f7746614000 r--p 00000000 08:06 1070846                    /usr/share/locale-langpack/zh_CN/LC_MESSAGES/libc.mo
7f7746614000-7f77466b1000 rw-p 00000000 00:00 0 
7f77466b1000-7f77466b5000 ---p 00000000 00:00 0 
7f77466b5000-7f77467b6000 rw-p 00000000 00:00 0 
7f77467b6000-7f77467b8000 r--s 00000000 08:06 131419                     /var/cache/fontconfig/6afa1bb216ce958c1589e297e8008489-le64.cache-7
7f77467b8000-7f77467bb000 r--s 00000000 08:06 131446                     /var/cache/fontconfig/e13b20fdb08344e0e664864cc2ede53d-le64.cache-7
7f77467bb000-7f77467bc000 r--s 00000000 00:34 37                         /run/user/1000/dconf/user
7f77467bc000-7f77467c1000 rw-p 00000000 00:00 0 
7f77467c1000-7f77467c8000 ---p 00000000 00:00 0 
7f77467c8000-7f77467d0000 rw-s 00000000 08:06 1579329                    /tmp/hsperfdata_enoch/8571
7f77467d0000-7f77467d1000 ---p 00000000 00:00 0 
7f77467d1000-7f77467d2000 r--p 00000000 00:00 0 
7f77467d2000-7f77467d3000 r--p 00027000 08:06 531118                     /lib/x86_64-linux-gnu/ld-2.27.so
7f77467d3000-7f77467d4000 rw-p 00028000 08:06 531118                     /lib/x86_64-linux-gnu/ld-2.27.so
7f77467d4000-7f77467d5000 rw-p 00000000 00:00 0 
7ffdabb3a000-7ffdabb5b000 rw-p 00000000 00:00 0                          [stack]
7ffdabb79000-7ffdabb7c000 r--p 00000000 00:00 0                          [vvar]
7ffdabb7c000-7ffdabb7e000 r-xp 00000000 00:00 0                          [vdso]
ffffffffff600000-ffffffffff601000 r-xp 00000000 00:00 0                  [vsyscall]


VM Arguments:
jvm_args: -javaagent:/home/enoch/下载/ideaIC-2018.2.5/idea-IC-182.4892.20/lib/idea_rt.jar=34133:/home/enoch/下载/ideaIC-2018.2.5/idea-IC-182.4892.20/bin -Dfile.encoding=UTF-8 
java_command: Calculator
java_class_path (initial): /home/enoch/IdeaProjects/Homework6/out/production/Homework6
Launcher Type: SUN_STANDARD

[Global flags]
     intx CICompilerCount                          = 3                                         {product} {ergonomic}
     uint ConcGCThreads                            = 1                                         {product} {ergonomic}
     uint G1ConcRefinementThreads                  = 4                                         {product} {ergonomic}
   size_t G1HeapRegionSize                         = 1048576                                   {product} {ergonomic}
    uintx GCDrainStackTargetSize                   = 64                                        {product} {ergonomic}
   size_t InitialHeapSize                          = 130023424                                 {product} {ergonomic}
   size_t MarkStackSize                            = 4194304                                   {product} {ergonomic}
   size_t MaxHeapSize                              = 2061500416                                {product} {ergonomic}
   size_t MaxNewSize                               = 1236271104                                {product} {ergonomic}
   size_t MinHeapDeltaBytes                        = 1048576                                   {product} {ergonomic}
    uintx NonNMethodCodeHeapSize                   = 5830092                                {pd product} {ergonomic}
    uintx NonProfiledCodeHeapSize                  = 122914074                              {pd product} {ergonomic}
    uintx ProfiledCodeHeapSize                     = 122914074                              {pd product} {ergonomic}
    uintx ReservedCodeCacheSize                    = 251658240                              {pd product} {ergonomic}
     bool SegmentedCodeCache                       = true                                      {product} {ergonomic}
     bool UseCompressedClassPointers               = true                                 {lp64_product} {ergonomic}
     bool UseCompressedOops                        = true                                 {lp64_product} {ergonomic}
     bool UseG1GC                                  = true                                      {product} {ergonomic}

Logging:
Log output configuration:
 #0: stdout all=warning uptime,level,tags
 #1: stderr all=off uptime,level,tags

Environment Variables:
PATH=/usr/local/sbin:/usr/local/bin:/usr/sbin:/usr/bin:/sbin:/bin:/usr/games:/usr/local/games:/snap/bin
USERNAME=enoch
SHELL=/bin/bash
DISPLAY=:0

Signal Handlers:
SIGSEGV: [libjvm.so+0xe5ac10], sa_mask[0]=11111111011111111101111111111110, sa_flags=SA_RESTART|SA_SIGINFO
SIGBUS: [libjvm.so+0xe5ac10], sa_mask[0]=11111111011111111101111111111110, sa_flags=SA_RESTART|SA_SIGINFO
SIGFPE: [libjvm.so+0xe5ac10], sa_mask[0]=11111111011111111101111111111110, sa_flags=SA_RESTART|SA_SIGINFO
SIGPIPE: SIG_IGN, sa_mask[0]=00000000000010000000000000000000, sa_flags=SA_RESTART
SIGXFSZ: [libjvm.so+0xc30d00], sa_mask[0]=11111111011111111101111111111110, sa_flags=SA_RESTART|SA_SIGINFO
SIGILL: [libjvm.so+0xe5ac10], sa_mask[0]=11111111011111111101111111111110, sa_flags=SA_RESTART|SA_SIGINFO
SIGUSR2: [libjvm.so+0xc30ba0], sa_mask[0]=00100000000000000000000000000000, sa_flags=SA_RESTART|SA_SIGINFO
SIGHUP: [libjvm.so+0xc30f00], sa_mask[0]=11111111011111111101111111111110, sa_flags=SA_RESTART|SA_SIGINFO
SIGINT: [libjvm.so+0xc30f00], sa_mask[0]=11111111011111111101111111111110, sa_flags=SA_RESTART|SA_SIGINFO
SIGTERM: [libjvm.so+0xc30f00], sa_mask[0]=11111111011111111101111111111110, sa_flags=SA_RESTART|SA_SIGINFO
SIGQUIT: [libjvm.so+0xc30f00], sa_mask[0]=11111111011111111101111111111110, sa_flags=SA_RESTART|SA_SIGINFO


---------------  S Y S T E M  ---------------

OS:DISTRIB_ID=Ubuntu
DISTRIB_RELEASE=18.04
DISTRIB_CODENAME=bionic
DISTRIB_DESCRIPTION="Ubuntu 18.04.1 LTS"
uname:Linux 4.15.0-39-generic #42-Ubuntu SMP Tue Oct 23 15:48:01 UTC 2018 x86_64
libc:glibc 2.27 NPTL 2.27 
rlimit: STACK 8192k, CORE 0k, NPROC 30903, NOFILE 1048576, AS infinity, DATA infinity, FSIZE infinity
load average:4.32 3.65 3.37

/proc/meminfo:
MemTotal:        8046588 kB
MemFree:         3494660 kB
MemAvailable:    5137928 kB
Buffers:          146384 kB
Cached:          2292600 kB
SwapCached:            0 kB
Active:          2826360 kB
Inactive:        1463108 kB
Active(anon):    1853312 kB
Inactive(anon):   621544 kB
Active(file):     973048 kB
Inactive(file):   841564 kB
Unevictable:          80 kB
Mlocked:              64 kB
SwapTotal:       1459856 kB
SwapFree:        1459856 kB
Dirty:              2532 kB
Writeback:             0 kB
AnonPages:       1850264 kB
Mapped:           353580 kB
Shmem:            624292 kB
Slab:             170112 kB
SReclaimable:      98436 kB
SUnreclaim:        71676 kB
KernelStack:        6596 kB
PageTables:        15852 kB
NFS_Unstable:          0 kB
Bounce:                0 kB
WritebackTmp:          0 kB
CommitLimit:     5483148 kB
Committed_AS:    4490116 kB
VmallocTotal:   34359738367 kB
VmallocUsed:           0 kB
VmallocChunk:          0 kB
HardwareCorrupted:     0 kB
AnonHugePages:         0 kB
ShmemHugePages:        0 kB
ShmemPmdMapped:        0 kB
CmaTotal:              0 kB
CmaFree:               0 kB
HugePages_Total:       0
HugePages_Free:        0
HugePages_Rsvd:        0
HugePages_Surp:        0
Hugepagesize:       2048 kB
DirectMap4k:      269296 kB
DirectMap2M:     7997440 kB
DirectMap1G:           0 kB


/proc/sys/kernel/threads-max (system-wide limit on the number of threads):
61807


/proc/sys/vm/max_map_count (maximum number of memory map areas a process may have):
65530


/proc/sys/kernel/pid_max (system-wide limit on number of process identifiers):
32768


container (cgroup) information:
container_type: cgroupv1
cpu_cpuset_cpus: 0-3
cpu_memory_nodes: 0
active_processor_count: 4
cpu_quota: -1
cpu_period: 100000
cpu_shares: -1
memory_limit_in_bytes: -1
memory_and_swap_limit_in_bytes: -2
memory_soft_limit_in_bytes: -1
memory_usage_in_bytes: 4392329216
memory_max_usage_in_bytes: 0


CPU:total 4 (initial active 4) (2 cores per cpu, 2 threads per core) family 6 model 78 stepping 3, cmov, cx8, fxsr, mmx, sse, sse2, sse3, ssse3, sse4.1, sse4.2, popcnt, avx, avx2, aes, clmul, erms, 3dnowpref, lzcnt, ht, tsc, tscinvbit, bmi1, bmi2, adx, fma
CPU Model and flags from /proc/cpuinfo:
model name	: Intel(R) Core(TM) i5-6200U CPU @ 2.30GHz
flags		: fpu vme de pse tsc msr pae mce cx8 apic sep mtrr pge mca cmov pat pse36 clflush dts acpi mmx fxsr sse sse2 ss ht tm pbe syscall nx pdpe1gb rdtscp lm constant_tsc art arch_perfmon pebs bts rep_good nopl xtopology nonstop_tsc cpuid aperfmperf tsc_known_freq pni pclmulqdq dtes64 monitor ds_cpl vmx est tm2 ssse3 sdbg fma cx16 xtpr pdcm pcid sse4_1 sse4_2 x2apic movbe popcnt tsc_deadline_timer aes xsave avx f16c rdrand lahf_lm abm 3dnowprefetch cpuid_fault epb invpcid_single pti ssbd ibrs ibpb stibp tpr_shadow vnmi flexpriority ept vpid fsgsbase tsc_adjust bmi1 avx2 smep bmi2 erms invpcid mpx rdseed adx smap clflushopt intel_pt xsaveopt xsavec xgetbv1 xsaves dtherm ida arat pln pts hwp hwp_notify hwp_act_window hwp_epp flush_l1d

Memory: 4k page, physical 8046588k(3494980k free), swap 1459856k(1459856k free)

vm_info: Java HotSpot(TM) 64-Bit Server VM (11.0.1+13-LTS) for linux-amd64 JRE (11.0.1+13-LTS), built on Oct  6 2018 05:13:05 by "mach5one" with gcc 7.3.0

END.
